2025-07-24T17:26:40.571634  🔌 Connected to DB at postgresql://review_user:root@localhost:5432/reviews
2025-07-24T17:26:40.630686  1) Loading raw reviews…
2025-07-24T17:27:56.585084     → 6990247 reviews loaded
2025-07-24T17:27:56.586195     • computing VADER sentiment & text length
2025-07-24T18:21:54.393340     • Plot saved to outputs\sentiment_hist.png
2025-07-24T18:21:54.543960     • Plot saved to outputs\text_length_hist.png
2025-07-24T18:21:54.543960     • computing TF-IDF (top 50 terms)
2025-07-24T18:26:36.141922     • Plot saved to outputs\tfidf_top50.png
2025-07-24T18:26:36.146931     • counting keywords
2025-07-24T18:29:31.752951     • Plot saved to outputs\keyword_counts.png
2025-07-24T18:29:31.752951     • extracting temporal features
2025-07-24T18:29:34.657080     • Plot saved to outputs\dow_distribution.png
2025-07-24T18:29:34.800923     • Plot saved to outputs\hour_distribution.png
2025-07-24T18:29:34.800923     • joining geo, category_count and state
2025-07-24T18:32:34.702554     • fitting KMeans (20 clusters)
2025-07-24T18:34:02.766512     • Plot saved to outputs\kmeans_clusters.png
2025-07-24T18:34:02.772345     • computing rolling user avg ratings
2025-07-24T18:36:41.548467     • Plot saved to outputs\rolling_3m_hist.png
2025-07-24T18:37:16.576714     • Plot saved to outputs\rolling_6m_hist.png
2025-07-24T18:37:51.388444     • Plot saved to outputs\rolling_12m_hist.png
2025-07-24T18:39:43.913628     • one-hot encoding top 10 categories
2025-07-24T18:42:34.812091     • Plot saved to outputs\cat_onehot_counts.png
2025-07-24T18:42:34.818741     • writing review_features to DB (streaming in chunks)
2025-07-24T18:43:21.000812     • chunk 1/699 (10000 rows) – 46.2s elapsed, ETA 32234.4s
2025-07-24T18:44:03.061705     • chunk 2/699 (10000 rows) – 88.2s elapsed, ETA 30752.3s
2025-07-24T18:44:44.454609     • chunk 3/699 (10000 rows) – 129.6s elapsed, ETA 30075.3s
2025-07-24T18:45:26.820785     • chunk 4/699 (10000 rows) – 172.0s elapsed, ETA 29885.2s
2025-07-24T18:46:08.364347     • chunk 5/699 (10000 rows) – 213.5s elapsed, ETA 29640.0s
2025-07-24T18:46:50.462577     • chunk 6/699 (10000 rows) – 255.6s elapsed, ETA 29526.7s
2025-07-24T18:47:31.172960     • chunk 7/699 (10000 rows) – 296.4s elapsed, ETA 29296.6s
2025-07-24T18:48:13.091223     • chunk 8/699 (10000 rows) – 338.3s elapsed, ETA 29218.2s
2025-07-24T18:48:54.801199     • chunk 9/699 (10000 rows) – 380.0s elapsed, ETA 29131.9s
2025-07-24T18:49:36.945859     • chunk 10/699 (10000 rows) – 422.1s elapsed, ETA 29084.5s
2025-07-24T18:50:18.655272     • chunk 11/699 (10000 rows) – 463.8s elapsed, ETA 29010.8s
2025-07-24T18:50:53.734755     • chunk 12/699 (10000 rows) – 498.9s elapsed, ETA 28562.9s
2025-07-24T18:51:23.342094     • chunk 13/699 (10000 rows) – 528.5s elapsed, ETA 27889.7s
2025-07-24T18:51:52.051372     • chunk 14/699 (10000 rows) – 557.2s elapsed, ETA 27264.5s
2025-07-24T18:52:21.260073     • chunk 15/699 (10000 rows) – 586.4s elapsed, ETA 26741.7s
2025-07-24T18:52:50.515248     • chunk 16/699 (10000 rows) – 615.7s elapsed, ETA 26282.5s
2025-07-24T18:53:20.773330     • chunk 17/699 (10000 rows) – 646.0s elapsed, ETA 25914.1s
2025-07-24T18:53:50.053310     • chunk 18/699 (10000 rows) – 675.2s elapsed, ETA 25546.3s
2025-07-24T18:54:20.297244     • chunk 19/699 (10000 rows) – 705.5s elapsed, ETA 25248.7s
2025-07-24T18:54:50.306525     • chunk 20/699 (10000 rows) – 735.5s elapsed, ETA 24969.8s
2025-07-24T18:55:19.827228     • chunk 21/699 (10000 rows) – 765.0s elapsed, ETA 24698.8s
2025-07-24T18:55:49.837122     • chunk 22/699 (10000 rows) – 795.0s elapsed, ETA 24464.8s
2025-07-24T18:56:19.691075     • chunk 23/699 (10000 rows) – 824.9s elapsed, ETA 24244.0s
2025-07-24T18:56:50.075316     • chunk 24/699 (10000 rows) – 855.3s elapsed, ETA 24054.1s
2025-07-24T18:57:19.897617     • chunk 25/699 (10000 rows) – 885.1s elapsed, ETA 23861.7s
2025-07-24T18:57:49.625642     • chunk 26/699 (10000 rows) – 914.8s elapsed, ETA 23679.4s
2025-07-24T18:58:19.638194     • chunk 27/699 (10000 rows) – 944.8s elapsed, ETA 23515.5s
2025-07-24T18:58:48.998870     • chunk 28/699 (10000 rows) – 974.2s elapsed, ETA 23345.5s
2025-07-24T18:59:18.919061     • chunk 29/699 (10000 rows) – 1004.1s elapsed, ETA 23198.2s
2025-07-24T18:59:48.561110     • chunk 30/699 (10000 rows) – 1033.7s elapsed, ETA 23052.4s
2025-07-24T19:00:19.287138     • chunk 31/699 (10000 rows) – 1064.5s elapsed, ETA 22937.6s
2025-07-24T19:00:49.025199     • chunk 32/699 (10000 rows) – 1094.2s elapsed, ETA 22807.3s
2025-07-24T19:01:18.898937     • chunk 33/699 (10000 rows) – 1124.1s elapsed, ETA 22686.0s
2025-07-24T19:01:49.418450     • chunk 34/699 (10000 rows) – 1154.6s elapsed, ETA 22582.6s
2025-07-24T19:02:18.974630     • chunk 35/699 (10000 rows) – 1184.2s elapsed, ETA 22465.1s
2025-07-24T19:02:49.155004     • chunk 36/699 (10000 rows) – 1214.3s elapsed, ETA 22364.0s
2025-07-24T19:03:19.062134     • chunk 37/699 (10000 rows) – 1244.2s elapsed, ETA 22261.9s
2025-07-24T19:03:49.335335     • chunk 38/699 (10000 rows) – 1274.5s elapsed, ETA 22169.9s
2025-07-24T19:04:19.668373     • chunk 39/699 (10000 rows) – 1304.8s elapsed, ETA 22082.1s
2025-07-24T19:04:49.810602     • chunk 40/699 (10000 rows) – 1335.0s elapsed, ETA 21994.0s
2025-07-24T19:05:19.650349     • chunk 41/699 (10000 rows) – 1364.8s elapsed, ETA 21903.9s
2025-07-24T19:05:49.606530     • chunk 42/699 (10000 rows) – 1394.8s elapsed, ETA 21818.5s
2025-07-24T19:06:19.411703     • chunk 43/699 (10000 rows) – 1424.6s elapsed, ETA 21733.3s
2025-07-24T19:06:48.859158     • chunk 44/699 (10000 rows) – 1454.0s elapsed, ETA 21645.4s
2025-07-24T19:07:20.414540     • chunk 45/699 (10000 rows) – 1485.6s elapsed, ETA 21590.6s
2025-07-24T19:07:50.105579     • chunk 46/699 (10000 rows) – 1515.3s elapsed, ETA 21510.5s
2025-07-24T19:08:20.536522     • chunk 47/699 (10000 rows) – 1545.7s elapsed, ETA 21442.7s
2025-07-24T19:08:50.071054     • chunk 48/699 (10000 rows) – 1575.3s elapsed, ETA 21364.3s
2025-07-24T19:09:20.753927     • chunk 49/699 (10000 rows) – 1605.9s elapsed, ETA 21303.2s
2025-07-24T19:09:50.386592     • chunk 50/699 (10000 rows) – 1635.6s elapsed, ETA 21229.7s
2025-07-24T19:10:20.790959     • chunk 51/699 (10000 rows) – 1666.0s elapsed, ETA 21167.6s
2025-07-24T19:10:50.422982     • chunk 52/699 (10000 rows) – 1695.6s elapsed, ETA 21097.2s
2025-07-24T19:11:20.788570     • chunk 53/699 (10000 rows) – 1726.0s elapsed, ETA 21037.3s
2025-07-24T19:11:50.670726     • chunk 54/699 (10000 rows) – 1755.9s elapsed, ETA 20972.7s
2025-07-24T19:12:21.288972     • chunk 55/699 (10000 rows) – 1786.5s elapsed, ETA 20917.9s
2025-07-24T19:12:50.823545     • chunk 56/699 (10000 rows) – 1816.0s elapsed, ETA 20851.6s
2025-07-24T19:13:20.800541     • chunk 57/699 (10000 rows) – 1846.0s elapsed, ETA 20791.6s
2025-07-24T19:13:50.440783     • chunk 58/699 (10000 rows) – 1875.6s elapsed, ETA 20728.8s
2025-07-24T19:14:20.095815     • chunk 59/699 (10000 rows) – 1905.3s elapsed, ETA 20667.4s
2025-07-24T19:14:50.264395     • chunk 60/699 (10000 rows) – 1935.4s elapsed, ETA 20612.5s
2025-07-24T19:15:20.505639     • chunk 61/699 (10000 rows) – 1965.7s elapsed, ETA 20559.1s
2025-07-24T19:15:50.756448     • chunk 62/699 (10000 rows) – 1995.9s elapsed, ETA 20506.6s
2025-07-24T19:16:20.124755     • chunk 63/699 (10000 rows) – 2025.3s elapsed, ETA 20445.9s
2025-07-24T19:16:50.274994     • chunk 64/699 (10000 rows) – 2055.5s elapsed, ETA 20394.0s
2025-07-24T19:17:20.714221     • chunk 65/699 (10000 rows) – 2085.9s elapsed, ETA 20345.5s
2025-07-24T19:17:50.280146     • chunk 66/699 (10000 rows) – 2115.5s elapsed, ETA 20289.2s
2025-07-24T19:18:20.175711     • chunk 67/699 (10000 rows) – 2145.4s elapsed, ETA 20236.8s
2025-07-24T19:18:50.561895     • chunk 68/699 (10000 rows) – 2175.7s elapsed, ETA 20189.6s
2025-07-24T19:19:20.231476     • chunk 69/699 (10000 rows) – 2205.4s elapsed, ETA 20136.4s
2025-07-24T19:19:50.044309     • chunk 70/699 (10000 rows) – 2235.2s elapsed, ETA 20085.1s
2025-07-24T19:20:19.954003     • chunk 71/699 (10000 rows) – 2265.1s elapsed, ETA 20035.3s
2025-07-24T19:20:50.098307     • chunk 72/699 (10000 rows) – 2295.3s elapsed, ETA 19988.1s
2025-07-24T19:21:19.475774     • chunk 73/699 (10000 rows) – 2324.7s elapsed, ETA 19934.7s
2025-07-24T19:21:49.074167     • chunk 74/699 (10000 rows) – 2354.3s elapsed, ETA 19883.9s
2025-07-24T19:22:22.236282     • chunk 75/699 (10000 rows) – 2387.4s elapsed, ETA 19863.3s
2025-07-24T19:22:55.313606     • chunk 76/699 (10000 rows) – 2420.5s elapsed, ETA 19841.7s
2025-07-24T19:23:25.434270     • chunk 77/699 (10000 rows) – 2450.6s elapsed, ETA 19795.9s
2025-07-24T19:23:55.627777     • chunk 78/699 (10000 rows) – 2480.8s elapsed, ETA 19751.0s
2025-07-24T19:24:25.922313     • chunk 79/699 (10000 rows) – 2511.1s elapsed, ETA 19707.4s
2025-07-24T19:24:55.558547     • chunk 80/699 (10000 rows) – 2540.7s elapsed, ETA 19659.0s
2025-07-24T19:25:25.817374     • chunk 81/699 (10000 rows) – 2571.0s elapsed, ETA 19615.8s
2025-07-24T19:25:56.049555     • chunk 82/699 (10000 rows) – 2601.2s elapsed, ETA 19572.7s
2025-07-24T19:26:25.697370     • chunk 83/699 (10000 rows) – 2630.9s elapsed, ETA 19525.5s
2025-07-24T19:26:55.345072     • chunk 84/699 (10000 rows) – 2660.5s elapsed, ETA 19478.8s
2025-07-24T19:27:25.576846     • chunk 85/699 (10000 rows) – 2690.8s elapsed, ETA 19436.8s
2025-07-24T19:27:55.112903     • chunk 86/699 (10000 rows) – 2720.3s elapsed, ETA 19390.0s
2025-07-24T19:28:24.794997     • chunk 87/699 (10000 rows) – 2750.0s elapsed, ETA 19344.7s
2025-07-24T19:28:54.277803     • chunk 88/699 (10000 rows) – 2779.5s elapsed, ETA 19298.3s
2025-07-24T19:29:24.389388     • chunk 89/699 (10000 rows) – 2809.6s elapsed, ETA 19256.6s
2025-07-24T19:29:54.345853     • chunk 90/699 (10000 rows) – 2839.5s elapsed, ETA 19214.1s
2025-07-24T19:30:24.452436     • chunk 91/699 (10000 rows) – 2869.6s elapsed, ETA 19172.9s
2025-07-24T19:30:54.157196     • chunk 92/699 (10000 rows) – 2899.3s elapsed, ETA 19129.3s
2025-07-24T19:31:24.311184     • chunk 93/699 (10000 rows) – 2929.5s elapsed, ETA 19088.9s
2025-07-24T19:31:54.376195     • chunk 94/699 (10000 rows) – 2959.6s elapsed, ETA 19048.2s
2025-07-24T19:32:24.573115     • chunk 95/699 (10000 rows) – 2989.8s elapsed, ETA 19008.5s
2025-07-24T19:32:54.402384     • chunk 96/699 (10000 rows) – 3019.6s elapsed, ETA 18966.8s
2025-07-24T19:33:24.142528     • chunk 97/699 (10000 rows) – 3049.3s elapsed, ETA 18924.7s
2025-07-24T19:33:54.386614     • chunk 98/699 (10000 rows) – 3079.6s elapsed, ETA 18885.9s
2025-07-24T19:34:24.183444     • chunk 99/699 (10000 rows) – 3109.4s elapsed, ETA 18844.6s
2025-07-24T19:34:53.880347     • chunk 100/699 (10000 rows) – 3139.1s elapsed, ETA 18803.0s
2025-07-24T19:35:23.875834     • chunk 101/699 (10000 rows) – 3169.1s elapsed, ETA 18763.3s
2025-07-24T19:35:53.513882     • chunk 102/699 (10000 rows) – 3198.7s elapsed, ETA 18721.8s
2025-07-24T19:36:23.316876     • chunk 103/699 (10000 rows) – 3228.5s elapsed, ETA 18681.4s
2025-07-24T19:36:53.093255     • chunk 104/699 (10000 rows) – 3258.3s elapsed, ETA 18641.1s
2025-07-24T19:37:22.623777     • chunk 105/699 (10000 rows) – 3287.8s elapsed, ETA 18599.6s
2025-07-24T19:37:52.622521     • chunk 106/699 (10000 rows) – 3317.8s elapsed, ETA 18560.9s
2025-07-24T19:38:22.982379     • chunk 107/699 (10000 rows) – 3348.2s elapsed, ETA 18524.4s
2025-07-24T19:38:52.259399     • chunk 108/699 (10000 rows) – 3377.4s elapsed, ETA 18482.1s
2025-07-24T19:39:22.346116     • chunk 109/699 (10000 rows) – 3407.5s elapsed, ETA 18444.4s
2025-07-24T19:39:52.847413     • chunk 110/699 (10000 rows) – 3438.0s elapsed, ETA 18409.1s
2025-07-24T19:40:22.551544     • chunk 111/699 (10000 rows) – 3467.7s elapsed, ETA 18369.6s
2025-07-24T19:40:52.120905     • chunk 112/699 (10000 rows) – 3497.3s elapsed, ETA 18329.6s
2025-07-24T19:41:22.803996     • chunk 113/699 (10000 rows) – 3528.0s elapsed, ETA 18295.6s
2025-07-24T19:41:52.475472     • chunk 114/699 (10000 rows) – 3557.7s elapsed, ETA 18256.4s
2025-07-24T19:42:22.415516     • chunk 115/699 (10000 rows) – 3587.6s elapsed, ETA 18218.7s
2025-07-24T19:42:51.758530     • chunk 116/699 (10000 rows) – 3616.9s elapsed, ETA 18178.2s
2025-07-24T19:43:21.708914     • chunk 117/699 (10000 rows) – 3646.9s elapsed, ETA 18140.9s
2025-07-24T19:43:51.273905     • chunk 118/699 (10000 rows) – 3676.5s elapsed, ETA 18101.9s
2025-07-24T19:44:20.853269     • chunk 119/699 (10000 rows) – 3706.0s elapsed, ETA 18063.0s
2025-07-24T19:44:50.696034     • chunk 120/699 (10000 rows) – 3735.9s elapsed, ETA 18025.6s
2025-07-24T19:45:20.596938     • chunk 121/699 (10000 rows) – 3765.8s elapsed, ETA 17988.6s
2025-07-24T19:45:50.581450     • chunk 122/699 (10000 rows) – 3795.8s elapsed, ETA 17952.1s
2025-07-24T19:46:20.699703     • chunk 123/699 (10000 rows) – 3825.9s elapsed, ETA 17916.3s
2025-07-24T19:46:50.432256     • chunk 124/699 (10000 rows) – 3855.6s elapsed, ETA 17878.8s
2025-07-24T19:47:20.354070     • chunk 125/699 (10000 rows) – 3885.5s elapsed, ETA 17842.4s
2025-07-24T19:47:50.500823     • chunk 126/699 (10000 rows) – 3915.7s elapsed, ETA 17807.0s
2025-07-24T19:48:20.741197     • chunk 127/699 (10000 rows) – 3945.9s elapsed, ETA 17772.2s
2025-07-24T19:48:51.096880     • chunk 128/699 (10000 rows) – 3976.3s elapsed, ETA 17737.9s
2025-07-24T19:49:21.294676     • chunk 129/699 (10000 rows) – 4006.5s elapsed, ETA 17703.0s
2025-07-24T19:49:51.232543     • chunk 130/699 (10000 rows) – 4036.4s elapsed, ETA 17667.1s
2025-07-24T19:50:21.329422     • chunk 131/699 (10000 rows) – 4066.5s elapsed, ETA 17631.9s
2025-07-24T19:50:51.085738     • chunk 132/699 (10000 rows) – 4096.3s elapsed, ETA 17595.3s
2025-07-24T19:51:20.690852     • chunk 133/699 (10000 rows) – 4125.9s elapsed, ETA 17558.2s
2025-07-24T19:51:50.601567     • chunk 134/699 (10000 rows) – 4155.8s elapsed, ETA 17522.5s
2025-07-24T19:52:20.152082     • chunk 135/699 (10000 rows) – 4185.3s elapsed, ETA 17485.4s
2025-07-24T19:52:50.362298     • chunk 136/699 (10000 rows) – 4215.5s elapsed, ETA 17451.1s
2025-07-24T19:53:20.127818     • chunk 137/699 (10000 rows) – 4245.3s elapsed, ETA 17415.1s
2025-07-24T19:53:49.963171     • chunk 138/699 (10000 rows) – 4275.1s elapsed, ETA 17379.4s
2025-07-24T19:54:20.243829     • chunk 139/699 (10000 rows) – 4305.4s elapsed, ETA 17345.6s
2025-07-24T19:54:49.941818     • chunk 140/699 (10000 rows) – 4335.1s elapsed, ETA 17309.5s
2025-07-24T19:55:20.021559     • chunk 141/699 (10000 rows) – 4365.2s elapsed, ETA 17275.1s
2025-07-24T19:55:49.934203     • chunk 142/699 (10000 rows) – 4395.1s elapsed, ETA 17240.0s
2025-07-24T19:56:20.713791     • chunk 143/699 (10000 rows) – 4425.9s elapsed, ETA 17208.4s
2025-07-24T19:56:50.214917     • chunk 144/699 (10000 rows) – 4455.4s elapsed, ETA 17171.8s
2025-07-24T19:57:20.713709     • chunk 145/699 (10000 rows) – 4485.9s elapsed, ETA 17139.2s
2025-07-24T19:57:50.340458     • chunk 146/699 (10000 rows) – 4515.5s elapsed, ETA 17103.3s
2025-07-24T19:58:20.456166     • chunk 147/699 (10000 rows) – 4545.6s elapsed, ETA 17069.3s
2025-07-24T19:58:50.109043     • chunk 148/699 (10000 rows) – 4575.3s elapsed, ETA 17033.7s
2025-07-24T19:59:19.897330     • chunk 149/699 (10000 rows) – 4605.1s elapsed, ETA 16998.6s
2025-07-24T19:59:49.761088     • chunk 150/699 (10000 rows) – 4634.9s elapsed, ETA 16963.9s
2025-07-24T20:00:19.214500     • chunk 151/699 (10000 rows) – 4664.4s elapsed, ETA 16927.7s
2025-07-24T20:00:49.174598     • chunk 152/699 (10000 rows) – 4694.4s elapsed, ETA 16893.5s
2025-07-24T20:01:19.107786     • chunk 153/699 (10000 rows) – 4724.3s elapsed, ETA 16859.2s
2025-07-24T20:01:48.853685     • chunk 154/699 (10000 rows) – 4754.0s elapsed, ETA 16824.3s
2025-07-24T20:02:18.645837     • chunk 155/699 (10000 rows) – 4783.8s elapsed, ETA 16789.7s
2025-07-24T20:02:48.409077     • chunk 156/699 (10000 rows) – 4813.6s elapsed, ETA 16755.0s
2025-07-24T20:03:18.374493     • chunk 157/699 (10000 rows) – 4843.6s elapsed, ETA 16721.1s
2025-07-24T20:03:48.732924     • chunk 158/699 (10000 rows) – 4873.9s elapsed, ETA 16688.5s
2025-07-24T20:04:18.819873     • chunk 159/699 (10000 rows) – 4904.0s elapsed, ETA 16655.1s
2025-07-24T20:04:48.749969     • chunk 160/699 (10000 rows) – 4933.9s elapsed, ETA 16621.2s
2025-07-24T20:05:18.866270     • chunk 161/699 (10000 rows) – 4964.0s elapsed, ETA 16587.9s
2025-07-24T20:05:48.529751     • chunk 162/699 (10000 rows) – 4993.7s elapsed, ETA 16553.2s
2025-07-24T20:06:18.051627     • chunk 163/699 (10000 rows) – 5023.2s elapsed, ETA 16518.1s
2025-07-24T20:06:48.020648     • chunk 164/699 (10000 rows) – 5053.2s elapsed, ETA 16484.5s
2025-07-24T20:07:17.527665     • chunk 165/699 (10000 rows) – 5082.7s elapsed, ETA 16449.5s
2025-07-24T20:07:47.102895     • chunk 166/699 (10000 rows) – 5112.3s elapsed, ETA 16414.7s
2025-07-24T20:08:17.539516     • chunk 167/699 (10000 rows) – 5142.7s elapsed, ETA 16382.8s
2025-07-24T20:08:47.500587     • chunk 168/699 (10000 rows) – 5172.7s elapsed, ETA 16349.4s
2025-07-24T20:09:17.492700     • chunk 169/699 (10000 rows) – 5202.7s elapsed, ETA 16316.1s
2025-07-24T20:09:47.486524     • chunk 170/699 (10000 rows) – 5232.7s elapsed, ETA 16282.8s
2025-07-24T20:10:17.390655     • chunk 171/699 (10000 rows) – 5262.6s elapsed, ETA 16249.3s
2025-07-24T20:10:47.220283     • chunk 172/699 (10000 rows) – 5292.4s elapsed, ETA 16215.7s
2025-07-24T20:11:17.341634     • chunk 173/699 (10000 rows) – 5322.5s elapsed, ETA 16182.9s
2025-07-24T20:11:47.263343     • chunk 174/699 (10000 rows) – 5352.4s elapsed, ETA 16149.6s
2025-07-24T20:12:17.650976     • chunk 175/699 (10000 rows) – 5382.8s elapsed, ETA 16117.7s
2025-07-24T20:12:47.783436     • chunk 176/699 (10000 rows) – 5413.0s elapsed, ETA 16085.1s
2025-07-24T20:13:17.783032     • chunk 177/699 (10000 rows) – 5443.0s elapsed, ETA 16052.1s
2025-07-24T20:13:47.610256     • chunk 178/699 (10000 rows) – 5472.8s elapsed, ETA 16018.7s
2025-07-24T20:14:17.472889     • chunk 179/699 (10000 rows) – 5502.7s elapsed, ETA 15985.4s
2025-07-24T20:14:47.042715     • chunk 180/699 (10000 rows) – 5532.2s elapsed, ETA 15951.2s
2025-07-24T20:15:16.871277     • chunk 181/699 (10000 rows) – 5562.1s elapsed, ETA 15917.9s
2025-07-24T20:15:46.589063     • chunk 182/699 (10000 rows) – 5591.8s elapsed, ETA 15884.3s
2025-07-24T20:16:16.341056     • chunk 183/699 (10000 rows) – 5621.5s elapsed, ETA 15850.8s
2025-07-24T20:16:46.238161     • chunk 184/699 (10000 rows) – 5651.4s elapsed, ETA 15817.8s
2025-07-24T20:17:16.320097     • chunk 185/699 (10000 rows) – 5681.5s elapsed, ETA 15785.4s
2025-07-24T20:17:46.270224     • chunk 186/699 (10000 rows) – 5711.5s elapsed, ETA 15752.5s
2025-07-24T20:18:16.346194     • chunk 187/699 (10000 rows) – 5741.5s elapsed, ETA 15720.1s
2025-07-24T20:18:46.543419     • chunk 188/699 (10000 rows) – 5771.7s elapsed, ETA 15688.0s
2025-07-24T20:19:16.040018     • chunk 189/699 (10000 rows) – 5801.2s elapsed, ETA 15654.1s
2025-07-24T20:19:46.237008     • chunk 190/699 (10000 rows) – 5831.4s elapsed, ETA 15622.1s
2025-07-24T20:20:16.292893     • chunk 191/699 (10000 rows) – 5861.5s elapsed, ETA 15589.7s
2025-07-24T20:20:46.417639     • chunk 192/699 (10000 rows) – 5891.6s elapsed, ETA 15557.5s
2025-07-24T20:21:16.083263     • chunk 193/699 (10000 rows) – 5921.3s elapsed, ETA 15524.1s
2025-07-24T20:21:45.827579     • chunk 194/699 (10000 rows) – 5951.0s elapsed, ETA 15491.0s
2025-07-24T20:22:15.786231     • chunk 195/699 (10000 rows) – 5981.0s elapsed, ETA 15458.5s
2025-07-24T20:22:45.058119     • chunk 196/699 (10000 rows) – 6010.2s elapsed, ETA 15424.2s
2025-07-24T20:23:15.198248     • chunk 197/699 (10000 rows) – 6040.4s elapsed, ETA 15392.2s
2025-07-24T20:23:44.855254     • chunk 198/699 (10000 rows) – 6070.0s elapsed, ETA 15359.0s
2025-07-24T20:24:15.014077     • chunk 199/699 (10000 rows) – 6100.2s elapsed, ETA 15327.1s
2025-07-24T20:24:44.764438     • chunk 200/699 (10000 rows) – 6129.9s elapsed, ETA 15294.2s
2025-07-24T20:25:15.028206     • chunk 201/699 (10000 rows) – 6160.2s elapsed, ETA 15262.6s
2025-07-24T20:25:44.983467     • chunk 202/699 (10000 rows) – 6190.2s elapsed, ETA 15230.3s
2025-07-24T20:26:14.292506     • chunk 203/699 (10000 rows) – 6219.5s elapsed, ETA 15196.3s
2025-07-24T20:26:44.343233     • chunk 204/699 (10000 rows) – 6249.5s elapsed, ETA 15164.3s
2025-07-24T20:27:14.445007     • chunk 205/699 (10000 rows) – 6279.6s elapsed, ETA 15132.4s
2025-07-24T20:27:44.533529     • chunk 206/699 (10000 rows) – 6309.7s elapsed, ETA 15100.4s
2025-07-24T20:28:14.819573     • chunk 207/699 (10000 rows) – 6340.0s elapsed, ETA 15069.0s
2025-07-24T20:28:44.669676     • chunk 208/699 (10000 rows) – 6369.8s elapsed, ETA 15036.5s
2025-07-24T20:29:15.064144     • chunk 209/699 (10000 rows) – 6400.2s elapsed, ETA 15005.4s
2025-07-24T20:29:44.128290     • chunk 210/699 (10000 rows) – 6429.3s elapsed, ETA 14971.1s
2025-07-24T20:30:14.036031     • chunk 211/699 (10000 rows) – 6459.2s elapsed, ETA 14938.9s
2025-07-24T20:30:43.757129     • chunk 212/699 (10000 rows) – 6488.9s elapsed, ETA 14906.2s
2025-07-24T20:31:13.467274     • chunk 213/699 (10000 rows) – 6518.6s elapsed, ETA 14873.5s
2025-07-24T20:31:43.501676     • chunk 214/699 (10000 rows) – 6548.7s elapsed, ETA 14841.6s
2025-07-24T20:32:13.417832     • chunk 215/699 (10000 rows) – 6578.6s elapsed, ETA 14809.5s
2025-07-24T20:32:43.841799     • chunk 216/699 (10000 rows) – 6609.0s elapsed, ETA 14778.5s
2025-07-24T20:33:13.290976     • chunk 217/699 (10000 rows) – 6638.5s elapsed, ETA 14745.4s
2025-07-24T20:33:43.741856     • chunk 218/699 (10000 rows) – 6668.9s elapsed, ETA 14714.5s
2025-07-24T20:34:13.606464     • chunk 219/699 (10000 rows) – 6698.8s elapsed, ETA 14682.3s
2025-07-24T20:34:43.844848     • chunk 220/699 (10000 rows) – 6729.0s elapsed, ETA 14650.9s
2025-07-24T20:35:13.992785     • chunk 221/699 (10000 rows) – 6759.2s elapsed, ETA 14619.4s
2025-07-24T20:35:44.106123     • chunk 222/699 (10000 rows) – 6789.3s elapsed, ETA 14587.8s
2025-07-24T20:36:14.039809     • chunk 223/699 (10000 rows) – 6819.2s elapsed, ETA 14555.8s
2025-07-24T20:36:43.733996     • chunk 224/699 (10000 rows) – 6848.9s elapsed, ETA 14523.4s
2025-07-24T20:37:13.513149     • chunk 225/699 (10000 rows) – 6878.7s elapsed, ETA 14491.1s
2025-07-24T20:37:42.982225     • chunk 226/699 (10000 rows) – 6908.2s elapsed, ETA 14458.2s
2025-07-24T20:38:12.931300     • chunk 227/699 (10000 rows) – 6938.1s elapsed, ETA 14426.4s
2025-07-24T20:38:42.602906     • chunk 228/699 (10000 rows) – 6967.8s elapsed, ETA 14394.0s
2025-07-24T20:39:12.718204     • chunk 229/699 (10000 rows) – 6997.9s elapsed, ETA 14362.5s
2025-07-24T20:39:42.919922     • chunk 230/699 (10000 rows) – 7028.1s elapsed, ETA 14331.2s
2025-07-24T20:40:12.975921     • chunk 231/699 (10000 rows) – 7058.2s elapsed, ETA 14299.6s
2025-07-24T20:40:42.966410     • chunk 232/699 (10000 rows) – 7088.1s elapsed, ETA 14268.0s
2025-07-24T20:41:13.210735     • chunk 233/699 (10000 rows) – 7118.4s elapsed, ETA 14236.8s
2025-07-24T20:41:43.146723     • chunk 234/699 (10000 rows) – 7148.3s elapsed, ETA 14205.0s
2025-07-24T20:42:13.279427     • chunk 235/699 (10000 rows) – 7178.5s elapsed, ETA 14173.6s
2025-07-24T20:42:43.079839     • chunk 236/699 (10000 rows) – 7208.3s elapsed, ETA 14141.6s
2025-07-24T20:43:13.419558     • chunk 237/699 (10000 rows) – 7238.6s elapsed, ETA 14110.7s
2025-07-24T20:43:43.158250     • chunk 238/699 (10000 rows) – 7268.3s elapsed, ETA 14078.6s
2025-07-24T20:44:13.195703     • chunk 239/699 (10000 rows) – 7298.4s elapsed, ETA 14047.1s
2025-07-24T20:44:42.850014     • chunk 240/699 (10000 rows) – 7328.0s elapsed, ETA 14014.9s
2025-07-24T20:45:12.878109     • chunk 241/699 (10000 rows) – 7358.1s elapsed, ETA 13983.4s
2025-07-24T20:45:43.117832     • chunk 242/699 (10000 rows) – 7388.3s elapsed, ETA 13952.3s
2025-07-24T20:46:12.814510     • chunk 243/699 (10000 rows) – 7418.0s elapsed, ETA 13920.2s
2025-07-24T20:46:42.958415     • chunk 244/699 (10000 rows) – 7448.1s elapsed, ETA 13888.9s
2025-07-24T20:47:12.912234     • chunk 245/699 (10000 rows) – 7478.1s elapsed, ETA 13857.4s
2025-07-24T20:47:43.203204     • chunk 246/699 (10000 rows) – 7508.4s elapsed, ETA 13826.4s
2025-07-24T20:48:13.047292     • chunk 247/699 (10000 rows) – 7538.2s elapsed, ETA 13794.7s
2025-07-24T20:48:43.403117     • chunk 248/699 (10000 rows) – 7568.6s elapsed, ETA 13763.8s
2025-07-24T20:49:13.631220     • chunk 249/699 (10000 rows) – 7598.8s elapsed, ETA 13732.8s
2025-07-24T20:49:43.792752     • chunk 250/699 (10000 rows) – 7629.0s elapsed, ETA 13701.6s
2025-07-24T20:50:13.607233     • chunk 251/699 (10000 rows) – 7658.8s elapsed, ETA 13669.9s
2025-07-24T20:50:43.442124     • chunk 252/699 (10000 rows) – 7688.6s elapsed, ETA 13638.2s
2025-07-24T20:51:13.410003     • chunk 253/699 (10000 rows) – 7718.6s elapsed, ETA 13606.7s
2025-07-24T20:51:43.424472     • chunk 254/699 (10000 rows) – 7748.6s elapsed, ETA 13575.3s
2025-07-24T20:52:13.187810     • chunk 255/699 (10000 rows) – 7778.4s elapsed, ETA 13543.5s
2025-07-24T20:52:42.911671     • chunk 256/699 (10000 rows) – 7808.1s elapsed, ETA 13511.7s
2025-07-24T20:53:13.414919     • chunk 257/699 (10000 rows) – 7838.6s elapsed, ETA 13481.2s
2025-07-24T20:53:43.393965     • chunk 258/699 (10000 rows) – 7868.6s elapsed, ETA 13449.8s
2025-07-24T20:54:13.300231     • chunk 259/699 (10000 rows) – 7898.5s elapsed, ETA 13418.3s
2025-07-24T20:54:43.321193     • chunk 260/699 (10000 rows) – 7928.5s elapsed, ETA 13387.0s
2025-07-24T20:55:13.548111     • chunk 261/699 (10000 rows) – 7958.7s elapsed, ETA 13356.0s
2025-07-24T20:55:43.614005     • chunk 262/699 (10000 rows) – 7988.8s elapsed, ETA 13324.8s
2025-07-24T20:56:13.935311     • chunk 263/699 (10000 rows) – 8019.1s elapsed, ETA 13294.0s
2025-07-24T20:56:43.945990     • chunk 264/699 (10000 rows) – 8049.1s elapsed, ETA 13262.8s
2025-07-24T20:57:14.562234     • chunk 265/699 (10000 rows) – 8079.7s elapsed, ETA 13232.5s
2025-07-24T20:57:44.488438     • chunk 266/699 (10000 rows) – 8109.7s elapsed, ETA 13201.1s
2025-07-24T20:58:14.408486     • chunk 267/699 (10000 rows) – 8139.6s elapsed, ETA 13169.7s
2025-07-24T20:58:44.159367     • chunk 268/699 (10000 rows) – 8169.3s elapsed, ETA 13138.0s
2025-07-24T20:59:14.324211     • chunk 269/699 (10000 rows) – 8199.5s elapsed, ETA 13107.0s
2025-07-24T20:59:44.268049     • chunk 270/699 (10000 rows) – 8229.4s elapsed, ETA 13075.7s
2025-07-24T21:00:14.007609     • chunk 271/699 (10000 rows) – 8259.2s elapsed, ETA 13044.0s
2025-07-24T21:00:44.089502     • chunk 272/699 (10000 rows) – 8289.3s elapsed, ETA 13012.9s
2025-07-24T21:01:14.244623     • chunk 273/699 (10000 rows) – 8319.4s elapsed, ETA 12982.0s
2025-07-24T21:01:44.236372     • chunk 274/699 (10000 rows) – 8349.4s elapsed, ETA 12950.7s
2025-07-24T21:02:14.003237     • chunk 275/699 (10000 rows) – 8379.2s elapsed, ETA 12919.2s
2025-07-24T21:02:43.983590     • chunk 276/699 (10000 rows) – 8409.2s elapsed, ETA 12888.0s
2025-07-24T21:03:14.235889     • chunk 277/699 (10000 rows) – 8439.4s elapsed, ETA 12857.2s
2025-07-24T21:03:44.562777     • chunk 278/699 (10000 rows) – 8469.7s elapsed, ETA 12826.5s
2025-07-24T21:04:14.396988     • chunk 279/699 (10000 rows) – 8499.6s elapsed, ETA 12795.1s
2025-07-24T21:04:44.387479     • chunk 280/699 (10000 rows) – 8529.6s elapsed, ETA 12763.9s
2025-07-24T21:05:14.205813     • chunk 281/699 (10000 rows) – 8559.4s elapsed, ETA 12732.5s
2025-07-24T21:05:44.220226     • chunk 282/699 (10000 rows) – 8589.4s elapsed, ETA 12701.3s
2025-07-24T21:06:13.690866     • chunk 283/699 (10000 rows) – 8618.9s elapsed, ETA 12669.4s
2025-07-24T21:06:43.283203     • chunk 284/699 (10000 rows) – 8648.5s elapsed, ETA 12637.7s
2025-07-24T21:07:13.258618     • chunk 285/699 (10000 rows) – 8678.4s elapsed, ETA 12606.6s
2025-07-24T21:07:43.359605     • chunk 286/699 (10000 rows) – 8708.5s elapsed, ETA 12575.6s
2025-07-24T21:08:13.610515     • chunk 287/699 (10000 rows) – 8738.8s elapsed, ETA 12544.9s
2025-07-24T21:08:43.477963     • chunk 288/699 (10000 rows) – 8768.7s elapsed, ETA 12513.6s
2025-07-24T21:09:13.995904     • chunk 289/699 (10000 rows) – 8799.2s elapsed, ETA 12483.3s
2025-07-24T21:09:43.698937     • chunk 290/699 (10000 rows) – 8828.9s elapsed, ETA 12451.8s
2025-07-24T21:10:13.680771     • chunk 291/699 (10000 rows) – 8858.9s elapsed, ETA 12420.7s
2025-07-24T21:10:43.453489     • chunk 292/699 (10000 rows) – 8888.6s elapsed, ETA 12389.3s
2025-07-24T21:11:14.037825     • chunk 293/699 (10000 rows) – 8919.2s elapsed, ETA 12359.1s
2025-07-24T21:11:44.105402     • chunk 294/699 (10000 rows) – 8949.3s elapsed, ETA 12328.1s
2025-07-24T21:12:14.166418     • chunk 295/699 (10000 rows) – 8979.3s elapsed, ETA 12297.1s
2025-07-24T21:12:44.072672     • chunk 296/699 (10000 rows) – 9009.3s elapsed, ETA 12266.0s
2025-07-24T21:13:14.124775     • chunk 297/699 (10000 rows) – 9039.3s elapsed, ETA 12235.0s
2025-07-24T21:13:43.783829     • chunk 298/699 (10000 rows) – 9069.0s elapsed, ETA 12203.5s
2025-07-24T21:14:13.579244     • chunk 299/699 (10000 rows) – 9098.8s elapsed, ETA 12172.3s
2025-07-24T21:14:43.336971     • chunk 300/699 (10000 rows) – 9128.5s elapsed, ETA 12140.9s
2025-07-24T21:15:13.247911     • chunk 301/699 (10000 rows) – 9158.4s elapsed, ETA 12109.8s
2025-07-24T21:15:43.342487     • chunk 302/699 (10000 rows) – 9188.5s elapsed, ETA 12079.0s
2025-07-24T21:16:13.277376     • chunk 303/699 (10000 rows) – 9218.5s elapsed, ETA 12047.9s
2025-07-24T21:16:43.410852     • chunk 304/699 (10000 rows) – 9248.6s elapsed, ETA 12017.1s
2025-07-24T21:17:13.534854     • chunk 305/699 (10000 rows) – 9278.7s elapsed, ETA 11986.3s
2025-07-24T21:17:43.502225     • chunk 306/699 (10000 rows) – 9308.7s elapsed, ETA 11955.3s
2025-07-24T21:18:13.478279     • chunk 307/699 (10000 rows) – 9338.7s elapsed, ETA 11924.3s
2025-07-24T21:18:43.419215     • chunk 308/699 (10000 rows) – 9368.6s elapsed, ETA 11893.3s
2025-07-24T21:19:13.687560     • chunk 309/699 (10000 rows) – 9398.9s elapsed, ETA 11862.6s
2025-07-24T21:19:43.848156     • chunk 310/699 (10000 rows) – 9429.0s elapsed, ETA 11831.9s
2025-07-24T21:20:13.782348     • chunk 311/699 (10000 rows) – 9459.0s elapsed, ETA 11800.9s
2025-07-24T21:20:43.791190     • chunk 312/699 (10000 rows) – 9489.0s elapsed, ETA 11770.0s
2025-07-24T21:21:13.962611     • chunk 313/699 (10000 rows) – 9519.1s elapsed, ETA 11739.3s
2025-07-24T21:21:43.865524     • chunk 314/699 (10000 rows) – 9549.0s elapsed, ETA 11708.2s
2025-07-24T21:22:13.549554     • chunk 315/699 (10000 rows) – 9578.7s elapsed, ETA 11676.9s
2025-07-24T21:22:43.248043     • chunk 316/699 (10000 rows) – 9608.4s elapsed, ETA 11645.7s
2025-07-24T21:23:13.227780     • chunk 317/699 (10000 rows) – 9638.4s elapsed, ETA 11614.7s
2025-07-24T21:23:43.103949     • chunk 318/699 (10000 rows) – 9668.3s elapsed, ETA 11583.7s
2025-07-24T21:24:13.217582     • chunk 319/699 (10000 rows) – 9698.4s elapsed, ETA 11553.0s
2025-07-24T21:24:43.174009     • chunk 320/699 (10000 rows) – 9728.4s elapsed, ETA 11522.0s
2025-07-24T21:25:13.438450     • chunk 321/699 (10000 rows) – 9758.6s elapsed, ETA 11491.5s
2025-07-24T21:25:43.373525     • chunk 322/699 (10000 rows) – 9788.6s elapsed, ETA 11460.5s
2025-07-24T21:26:13.401637     • chunk 323/699 (10000 rows) – 9818.6s elapsed, ETA 11429.7s
2025-07-24T21:26:43.567982     • chunk 324/699 (10000 rows) – 9848.7s elapsed, ETA 11399.0s
2025-07-24T21:27:13.971523     • chunk 325/699 (10000 rows) – 9879.2s elapsed, ETA 11368.6s
2025-07-24T21:27:47.306136     • chunk 326/699 (10000 rows) – 9912.5s elapsed, ETA 11341.6s
2025-07-24T21:28:18.074298     • chunk 327/699 (10000 rows) – 9943.3s elapsed, ETA 11311.6s
2025-07-24T21:28:48.559773     • chunk 328/699 (10000 rows) – 9973.7s elapsed, ETA 11281.3s
2025-07-24T21:29:19.067453     • chunk 329/699 (10000 rows) – 10004.2s elapsed, ETA 11251.0s
2025-07-24T21:29:49.253051     • chunk 330/699 (10000 rows) – 10034.4s elapsed, ETA 11220.3s
2025-07-24T21:30:19.521537     • chunk 331/699 (10000 rows) – 10064.7s elapsed, ETA 11189.8s
2025-07-24T21:30:49.551758     • chunk 332/699 (10000 rows) – 10094.7s elapsed, ETA 11158.9s
2025-07-24T21:31:19.974795     • chunk 333/699 (10000 rows) – 10125.2s elapsed, ETA 11128.5s
2025-07-24T21:31:50.091778     • chunk 334/699 (10000 rows) – 10155.3s elapsed, ETA 11097.8s
2025-07-24T21:32:20.754261     • chunk 335/699 (10000 rows) – 10185.9s elapsed, ETA 11067.7s
2025-07-24T21:32:51.255310     • chunk 336/699 (10000 rows) – 10216.4s elapsed, ETA 11037.4s
2025-07-24T21:33:21.501947     • chunk 337/699 (10000 rows) – 10246.7s elapsed, ETA 11006.8s
2025-07-24T21:33:52.480886     • chunk 338/699 (10000 rows) – 10277.7s elapsed, ETA 10977.0s
2025-07-24T21:34:22.675562     • chunk 339/699 (10000 rows) – 10307.9s elapsed, ETA 10946.4s
2025-07-24T21:34:52.812948     • chunk 340/699 (10000 rows) – 10338.0s elapsed, ETA 10915.7s
2025-07-24T21:35:23.510094     • chunk 341/699 (10000 rows) – 10368.7s elapsed, ETA 10885.6s
2025-07-24T21:35:54.722518     • chunk 342/699 (10000 rows) – 10399.9s elapsed, ETA 10856.0s
2025-07-24T21:36:24.720640     • chunk 343/699 (10000 rows) – 10429.9s elapsed, ETA 10825.2s
2025-07-24T21:36:55.702172     • chunk 344/699 (10000 rows) – 10460.9s elapsed, ETA 10795.4s
2025-07-24T21:37:37.011529     • chunk 345/699 (10000 rows) – 10502.2s elapsed, ETA 10776.2s
2025-07-24T21:38:20.406783     • chunk 346/699 (10000 rows) – 10545.6s elapsed, ETA 10758.9s
2025-07-24T21:39:02.701563     • chunk 347/699 (10000 rows) – 10587.9s elapsed, ETA 10740.4s
2025-07-24T21:39:45.072510     • chunk 348/699 (10000 rows) – 10630.3s elapsed, ETA 10721.9s
2025-07-24T21:40:24.411943     • chunk 349/699 (10000 rows) – 10669.6s elapsed, ETA 10700.2s
2025-07-24T21:41:06.758430     • chunk 350/699 (10000 rows) – 10711.9s elapsed, ETA 10681.3s
2025-07-24T21:41:48.505031     • chunk 351/699 (10000 rows) – 10753.7s elapsed, ETA 10661.8s
2025-07-24T21:42:30.633937     • chunk 352/699 (10000 rows) – 10795.8s elapsed, ETA 10642.5s
2025-07-24T21:43:11.947448     • chunk 353/699 (10000 rows) – 10837.1s elapsed, ETA 10622.2s
2025-07-24T21:43:53.749340     • chunk 354/699 (10000 rows) – 10878.9s elapsed, ETA 10602.3s
2025-07-24T21:44:35.758659     • chunk 355/699 (10000 rows) – 10920.9s elapsed, ETA 10582.5s
2025-07-24T21:45:16.838529     • chunk 356/699 (10000 rows) – 10962.0s elapsed, ETA 10561.7s
2025-07-24T21:45:59.398496     • chunk 357/699 (10000 rows) – 11004.6s elapsed, ETA 10542.2s
2025-07-24T21:46:38.143032     • chunk 358/699 (10000 rows) – 11043.3s elapsed, ETA 10518.9s
2025-07-24T21:47:21.040074     • chunk 359/699 (10000 rows) – 11086.2s elapsed, ETA 10499.5s
2025-07-24T21:48:03.325390     • chunk 360/699 (10000 rows) – 11128.5s elapsed, ETA 10479.3s
2025-07-24T21:48:45.379781     • chunk 361/699 (10000 rows) – 11170.6s elapsed, ETA 10458.9s
2025-07-24T21:49:27.179225     • chunk 362/699 (10000 rows) – 11212.4s elapsed, ETA 10438.0s
2025-07-24T21:50:09.126094     • chunk 363/699 (10000 rows) – 11254.3s elapsed, ETA 10417.2s
2025-07-24T21:50:47.488788     • chunk 364/699 (10000 rows) – 11292.7s elapsed, ETA 10393.0s
2025-07-24T21:51:27.814450     • chunk 365/699 (10000 rows) – 11333.0s elapsed, ETA 10370.5s
2025-07-24T21:52:06.765481     • chunk 366/699 (10000 rows) – 11371.9s elapsed, ETA 10346.6s
2025-07-24T21:52:47.525070     • chunk 367/699 (10000 rows) – 11412.7s elapsed, ETA 10324.3s
2025-07-24T21:53:29.852132     • chunk 368/699 (10000 rows) – 11455.0s elapsed, ETA 10303.3s
2025-07-24T21:54:11.580035     • chunk 369/699 (10000 rows) – 11496.8s elapsed, ETA 10281.7s
2025-07-24T21:54:53.031973     • chunk 370/699 (10000 rows) – 11538.2s elapsed, ETA 10259.7s
2025-07-24T21:55:32.406474     • chunk 371/699 (10000 rows) – 11577.6s elapsed, ETA 10235.7s
2025-07-24T21:56:12.534302     • chunk 372/699 (10000 rows) – 11617.7s elapsed, ETA 10212.3s
2025-07-24T21:56:53.477802     • chunk 373/699 (10000 rows) – 11658.7s elapsed, ETA 10189.6s
2025-07-24T21:57:31.190151     • chunk 374/699 (10000 rows) – 11696.4s elapsed, ETA 10164.0s
2025-07-24T21:58:00.693375     • chunk 375/699 (10000 rows) – 11725.9s elapsed, ETA 10131.2s
2025-07-24T21:58:30.615252     • chunk 376/699 (10000 rows) – 11755.8s elapsed, ETA 10098.7s
2025-07-24T21:59:00.386486     • chunk 377/699 (10000 rows) – 11785.6s elapsed, ETA 10066.2s
2025-07-24T21:59:30.314080     • chunk 378/699 (10000 rows) – 11815.5s elapsed, ETA 10033.8s
2025-07-24T21:59:59.823305     • chunk 379/699 (10000 rows) – 11845.0s elapsed, ETA 10001.1s
2025-07-24T22:00:29.942573     • chunk 380/699 (10000 rows) – 11875.1s elapsed, ETA 9968.9s
2025-07-24T22:01:00.664825     • chunk 381/699 (10000 rows) – 11905.8s elapsed, ETA 9937.2s
2025-07-24T22:01:31.121881     • chunk 382/699 (10000 rows) – 11936.3s elapsed, ETA 9905.3s
2025-07-24T22:02:01.677401     • chunk 383/699 (10000 rows) – 11966.9s elapsed, ETA 9873.4s
2025-07-24T22:02:32.157584     • chunk 384/699 (10000 rows) – 11997.3s elapsed, ETA 9841.6s
2025-07-24T22:03:02.284482     • chunk 385/699 (10000 rows) – 12027.5s elapsed, ETA 9809.4s
2025-07-24T22:03:32.994223     • chunk 386/699 (10000 rows) – 12058.2s elapsed, ETA 9777.7s
2025-07-24T22:04:04.057311     • chunk 387/699 (10000 rows) – 12089.2s elapsed, ETA 9746.4s
2025-07-24T22:04:34.338522     • chunk 388/699 (10000 rows) – 12119.5s elapsed, ETA 9714.4s
2025-07-24T22:05:05.071402     • chunk 389/699 (10000 rows) – 12150.3s elapsed, ETA 9682.7s
2025-07-24T22:05:35.716739     • chunk 390/699 (10000 rows) – 12180.9s elapsed, ETA 9651.0s
2025-07-24T22:06:06.535514     • chunk 391/699 (10000 rows) – 12211.7s elapsed, ETA 9619.5s
2025-07-24T22:06:36.656202     • chunk 392/699 (10000 rows) – 12241.8s elapsed, ETA 9587.4s
2025-07-24T22:07:07.066226     • chunk 393/699 (10000 rows) – 12272.2s elapsed, ETA 9555.5s
2025-07-24T22:07:37.435178     • chunk 394/699 (10000 rows) – 12302.6s elapsed, ETA 9523.6s
2025-07-24T22:08:07.875227     • chunk 395/699 (10000 rows) – 12333.1s elapsed, ETA 9491.8s
2025-07-24T22:08:38.103687     • chunk 396/699 (10000 rows) – 12363.3s elapsed, ETA 9459.8s
2025-07-24T22:09:08.688625     • chunk 397/699 (10000 rows) – 12393.9s elapsed, ETA 9428.1s
2025-07-24T22:09:39.296436     • chunk 398/699 (10000 rows) – 12424.5s elapsed, ETA 9396.4s
2025-07-24T22:10:09.748719     • chunk 399/699 (10000 rows) – 12454.9s elapsed, ETA 9364.6s
2025-07-24T22:10:40.519031     • chunk 400/699 (10000 rows) – 12485.7s elapsed, ETA 9333.1s
2025-07-24T22:11:10.499554     • chunk 401/699 (10000 rows) – 12515.7s elapsed, ETA 9300.9s
2025-07-24T22:11:41.464163     • chunk 402/699 (10000 rows) – 12546.6s elapsed, ETA 9269.5s
2025-07-24T22:12:12.466241     • chunk 403/699 (10000 rows) – 12577.6s elapsed, ETA 9238.2s
2025-07-24T22:12:42.628203     • chunk 404/699 (10000 rows) – 12607.8s elapsed, ETA 9206.2s
2025-07-24T22:13:13.373556     • chunk 405/699 (10000 rows) – 12638.6s elapsed, ETA 9174.7s
2025-07-24T22:13:44.158791     • chunk 406/699 (10000 rows) – 12669.3s elapsed, ETA 9143.1s
2025-07-24T22:14:14.545412     • chunk 407/699 (10000 rows) – 12699.7s elapsed, ETA 9111.4s
2025-07-24T22:14:45.051271     • chunk 408/699 (10000 rows) – 12730.2s elapsed, ETA 9079.7s
2025-07-24T22:15:15.586853     • chunk 409/699 (10000 rows) – 12760.8s elapsed, ETA 9048.0s
2025-07-24T22:15:45.880788     • chunk 410/699 (10000 rows) – 12791.1s elapsed, ETA 9016.1s
2025-07-24T22:16:16.304567     • chunk 411/699 (10000 rows) – 12821.5s elapsed, ETA 8984.4s
2025-07-24T22:16:47.188688     • chunk 412/699 (10000 rows) – 12852.4s elapsed, ETA 8953.0s
2025-07-24T22:17:18.053968     • chunk 413/699 (10000 rows) – 12883.2s elapsed, ETA 8921.6s
2025-07-24T22:17:48.712475     • chunk 414/699 (10000 rows) – 12913.9s elapsed, ETA 8890.0s
2025-07-24T22:18:18.705958     • chunk 415/699 (10000 rows) – 12943.9s elapsed, ETA 8858.0s
2025-07-24T22:18:49.135991     • chunk 416/699 (10000 rows) – 12974.3s elapsed, ETA 8826.3s
2025-07-24T22:19:18.794050     • chunk 417/699 (10000 rows) – 13004.0s elapsed, ETA 8794.1s
2025-07-24T22:19:49.004425     • chunk 418/699 (10000 rows) – 13034.2s elapsed, ETA 8762.2s
2025-07-24T22:20:19.527244     • chunk 419/699 (10000 rows) – 13064.7s elapsed, ETA 8730.6s
2025-07-24T22:20:48.978781     • chunk 420/699 (10000 rows) – 13094.2s elapsed, ETA 8698.3s
2025-07-24T22:21:19.385058     • chunk 421/699 (10000 rows) – 13124.6s elapsed, ETA 8666.6s
2025-07-24T22:21:49.469890     • chunk 422/699 (10000 rows) – 13154.7s elapsed, ETA 8634.7s
2025-07-24T22:22:19.963488     • chunk 423/699 (10000 rows) – 13185.1s elapsed, ETA 8603.1s
2025-07-24T22:22:49.759433     • chunk 424/699 (10000 rows) – 13214.9s elapsed, ETA 8571.0s
2025-07-24T22:23:19.611542     • chunk 425/699 (10000 rows) – 13244.8s elapsed, ETA 8539.0s
2025-07-24T22:23:49.740990     • chunk 426/699 (10000 rows) – 13274.9s elapsed, ETA 8507.2s
2025-07-24T22:24:19.319568     • chunk 427/699 (10000 rows) – 13304.5s elapsed, ETA 8475.0s
2025-07-24T22:24:49.238101     • chunk 428/699 (10000 rows) – 13334.4s elapsed, ETA 8443.1s
2025-07-24T22:25:19.074051     • chunk 429/699 (10000 rows) – 13364.3s elapsed, ETA 8411.1s
2025-07-24T22:25:49.366318     • chunk 430/699 (10000 rows) – 13394.5s elapsed, ETA 8379.4s
2025-07-24T22:26:19.039431     • chunk 431/699 (10000 rows) – 13424.2s elapsed, ETA 8347.3s
2025-07-24T22:26:49.260992     • chunk 432/699 (10000 rows) – 13454.4s elapsed, ETA 8315.6s
2025-07-24T22:27:19.827498     • chunk 433/699 (10000 rows) – 13485.0s elapsed, ETA 8284.1s
2025-07-24T22:27:49.422881     • chunk 434/699 (10000 rows) – 13514.6s elapsed, ETA 8252.0s
2025-07-24T22:28:19.735667     • chunk 435/699 (10000 rows) – 13544.9s elapsed, ETA 8220.4s
2025-07-24T22:28:49.489095     • chunk 436/699 (10000 rows) – 13574.7s elapsed, ETA 8188.4s
2025-07-24T22:29:19.784042     • chunk 437/699 (10000 rows) – 13605.0s elapsed, ETA 8156.8s
2025-07-24T22:29:49.585205     • chunk 438/699 (10000 rows) – 13634.8s elapsed, ETA 8124.8s
2025-07-24T22:30:19.911191     • chunk 439/699 (10000 rows) – 13665.1s elapsed, ETA 8093.2s
2025-07-24T22:30:50.222999     • chunk 440/699 (10000 rows) – 13695.4s elapsed, ETA 8061.6s
2025-07-24T22:31:19.765080     • chunk 441/699 (10000 rows) – 13724.9s elapsed, ETA 8029.6s
2025-07-24T22:31:49.931661     • chunk 442/699 (10000 rows) – 13755.1s elapsed, ETA 7997.9s
2025-07-24T22:32:19.504915     • chunk 443/699 (10000 rows) – 13784.7s elapsed, ETA 7965.9s
2025-07-24T22:32:49.559694     • chunk 444/699 (10000 rows) – 13814.7s elapsed, ETA 7934.1s
2025-07-24T22:33:18.812603     • chunk 445/699 (10000 rows) – 13844.0s elapsed, ETA 7902.0s
2025-07-24T22:33:48.778774     • chunk 446/699 (10000 rows) – 13874.0s elapsed, ETA 7870.2s
2025-07-24T22:34:19.258180     • chunk 447/699 (10000 rows) – 13904.4s elapsed, ETA 7838.7s
2025-07-24T22:34:48.568447     • chunk 448/699 (10000 rows) – 13933.7s elapsed, ETA 7806.6s
2025-07-24T22:35:19.728874     • chunk 449/699 (10000 rows) – 13964.9s elapsed, ETA 7775.6s
2025-07-24T22:35:49.924092     • chunk 450/699 (10000 rows) – 13995.1s elapsed, ETA 7744.0s
2025-07-24T22:36:20.710298     • chunk 451/699 (10000 rows) – 14025.9s elapsed, ETA 7712.7s
2025-07-24T22:36:50.546581     • chunk 452/699 (10000 rows) – 14055.7s elapsed, ETA 7680.9s
2025-07-24T22:37:21.453237     • chunk 453/699 (10000 rows) – 14086.6s elapsed, ETA 7649.7s
2025-07-24T22:37:51.956439     • chunk 454/699 (10000 rows) – 14117.1s elapsed, ETA 7618.3s
2025-07-24T22:38:22.136093     • chunk 455/699 (10000 rows) – 14147.3s elapsed, ETA 7586.7s
2025-07-24T22:38:52.370459     • chunk 456/699 (10000 rows) – 14177.6s elapsed, ETA 7555.1s
2025-07-24T22:39:23.097943     • chunk 457/699 (10000 rows) – 14208.3s elapsed, ETA 7523.9s
2025-07-24T22:39:53.415874     • chunk 458/699 (10000 rows) – 14238.6s elapsed, ETA 7492.4s
2025-07-24T22:40:23.358888     • chunk 459/699 (10000 rows) – 14268.5s elapsed, ETA 7460.7s
2025-07-24T22:40:53.460341     • chunk 460/699 (10000 rows) – 14298.6s elapsed, ETA 7429.1s
2025-07-24T22:41:23.769581     • chunk 461/699 (10000 rows) – 14328.9s elapsed, ETA 7397.6s
2025-07-24T22:41:53.630351     • chunk 462/699 (10000 rows) – 14358.8s elapsed, ETA 7365.9s
2025-07-24T22:42:24.120318     • chunk 463/699 (10000 rows) – 14389.3s elapsed, ETA 7334.5s
2025-07-24T22:42:54.432662     • chunk 464/699 (10000 rows) – 14419.6s elapsed, ETA 7303.0s
2025-07-24T22:43:25.207724     • chunk 465/699 (10000 rows) – 14450.4s elapsed, ETA 7271.8s
2025-07-24T22:43:55.145956     • chunk 466/699 (10000 rows) – 14480.3s elapsed, ETA 7240.2s
2025-07-24T22:44:25.670993     • chunk 467/699 (10000 rows) – 14510.9s elapsed, ETA 7208.8s
2025-07-24T22:44:56.321961     • chunk 468/699 (10000 rows) – 14541.5s elapsed, ETA 7177.5s
2025-07-24T22:45:25.980242     • chunk 469/699 (10000 rows) – 14571.2s elapsed, ETA 7145.8s
2025-07-24T22:45:56.615514     • chunk 470/699 (10000 rows) – 14601.8s elapsed, ETA 7114.5s
2025-07-24T22:46:26.797050     • chunk 471/699 (10000 rows) – 14632.0s elapsed, ETA 7083.0s
2025-07-24T22:46:57.486610     • chunk 472/699 (10000 rows) – 14662.7s elapsed, ETA 7051.7s
2025-07-24T22:47:27.503960     • chunk 473/699 (10000 rows) – 14692.7s elapsed, ETA 7020.2s
2025-07-24T22:47:58.026712     • chunk 474/699 (10000 rows) – 14723.2s elapsed, ETA 6988.9s
2025-07-24T22:48:28.270712     • chunk 475/699 (10000 rows) – 14753.5s elapsed, ETA 6957.4s
2025-07-24T22:48:58.007567     • chunk 476/699 (10000 rows) – 14783.2s elapsed, ETA 6925.7s
2025-07-24T22:49:28.466312     • chunk 477/699 (10000 rows) – 14813.6s elapsed, ETA 6894.4s
2025-07-24T22:49:58.113712     • chunk 478/699 (10000 rows) – 14843.3s elapsed, ETA 6862.7s
2025-07-24T22:50:28.816948     • chunk 479/699 (10000 rows) – 14874.0s elapsed, ETA 6831.5s
2025-07-24T22:50:58.974506     • chunk 480/699 (10000 rows) – 14904.2s elapsed, ETA 6800.0s
2025-07-24T22:51:29.611863     • chunk 481/699 (10000 rows) – 14934.8s elapsed, ETA 6768.8s
2025-07-24T22:52:00.170384     • chunk 482/699 (10000 rows) – 14965.4s elapsed, ETA 6737.5s
2025-07-24T22:52:30.244251     • chunk 483/699 (10000 rows) – 14995.4s elapsed, ETA 6706.0s
2025-07-24T22:53:00.744861     • chunk 484/699 (10000 rows) – 15025.9s elapsed, ETA 6674.7s
2025-07-24T22:53:31.310452     • chunk 485/699 (10000 rows) – 15056.5s elapsed, ETA 6643.5s
2025-07-24T22:54:01.445483     • chunk 486/699 (10000 rows) – 15086.6s elapsed, ETA 6612.0s
2025-07-24T22:54:31.685198     • chunk 487/699 (10000 rows) – 15116.9s elapsed, ETA 6580.6s
2025-07-24T22:55:01.966278     • chunk 488/699 (10000 rows) – 15147.1s elapsed, ETA 6549.3s
2025-07-24T22:55:32.873516     • chunk 489/699 (10000 rows) – 15178.1s elapsed, ETA 6518.2s
2025-07-24T22:56:02.554430     • chunk 490/699 (10000 rows) – 15207.7s elapsed, ETA 6486.6s
2025-07-24T22:56:32.985970     • chunk 491/699 (10000 rows) – 15238.2s elapsed, ETA 6455.3s
2025-07-24T22:57:03.079221     • chunk 492/699 (10000 rows) – 15268.3s elapsed, ETA 6423.8s
2025-07-24T22:57:33.406446     • chunk 493/699 (10000 rows) – 15298.6s elapsed, ETA 6392.5s
2025-07-24T22:58:03.269837     • chunk 494/699 (10000 rows) – 15328.5s elapsed, ETA 6361.0s
2025-07-24T22:58:33.745888     • chunk 495/699 (10000 rows) – 15358.9s elapsed, ETA 6329.7s
2025-07-24T22:59:04.446869     • chunk 496/699 (10000 rows) – 15389.6s elapsed, ETA 6298.6s
2025-07-24T22:59:34.736523     • chunk 497/699 (10000 rows) – 15419.9s elapsed, ETA 6267.2s
2025-07-24T23:00:05.049554     • chunk 498/699 (10000 rows) – 15450.2s elapsed, ETA 6235.9s
2025-07-24T23:00:35.711668     • chunk 499/699 (10000 rows) – 15480.9s elapsed, ETA 6204.8s
2025-07-24T23:01:05.990719     • chunk 500/699 (10000 rows) – 15511.2s elapsed, ETA 6173.4s
2025-07-24T23:01:35.836386     • chunk 501/699 (10000 rows) – 15541.0s elapsed, ETA 6142.0s
2025-07-24T23:02:06.261093     • chunk 502/699 (10000 rows) – 15571.4s elapsed, ETA 6110.7s
2025-07-24T23:02:36.840442     • chunk 503/699 (10000 rows) – 15602.0s elapsed, ETA 6079.5s
2025-07-24T23:03:07.101079     • chunk 504/699 (10000 rows) – 15632.3s elapsed, ETA 6048.2s
2025-07-24T23:03:37.894754     • chunk 505/699 (10000 rows) – 15663.1s elapsed, ETA 6017.1s
2025-07-24T23:04:08.029576     • chunk 506/699 (10000 rows) – 15693.2s elapsed, ETA 5985.7s
2025-07-24T23:04:38.219852     • chunk 507/699 (10000 rows) – 15723.4s elapsed, ETA 5954.4s
2025-07-24T23:05:08.481925     • chunk 508/699 (10000 rows) – 15753.7s elapsed, ETA 5923.1s
2025-07-24T23:05:39.114934     • chunk 509/699 (10000 rows) – 15784.3s elapsed, ETA 5892.0s
2025-07-24T23:06:09.467156     • chunk 510/699 (10000 rows) – 15814.6s elapsed, ETA 5860.7s
2025-07-24T23:06:39.924478     • chunk 511/699 (10000 rows) – 15845.1s elapsed, ETA 5829.5s
2025-07-24T23:07:10.008369     • chunk 512/699 (10000 rows) – 15875.2s elapsed, ETA 5798.2s
2025-07-24T23:07:40.720398     • chunk 513/699 (10000 rows) – 15905.9s elapsed, ETA 5767.1s
2025-07-24T23:08:10.381603     • chunk 514/699 (10000 rows) – 15935.6s elapsed, ETA 5735.6s
2025-07-24T23:08:40.516804     • chunk 515/699 (10000 rows) – 15965.7s elapsed, ETA 5704.2s
2025-07-24T23:09:10.925037     • chunk 516/699 (10000 rows) – 15996.1s elapsed, ETA 5673.0s
2025-07-24T23:09:41.003643     • chunk 517/699 (10000 rows) – 16026.2s elapsed, ETA 5641.7s
2025-07-24T23:10:11.529584     • chunk 518/699 (10000 rows) – 16056.7s elapsed, ETA 5610.5s
2025-07-24T23:10:41.706497     • chunk 519/699 (10000 rows) – 16086.9s elapsed, ETA 5579.3s
2025-07-24T23:11:12.568436     • chunk 520/699 (10000 rows) – 16117.7s elapsed, ETA 5548.2s
2025-07-24T23:11:42.549208     • chunk 521/699 (10000 rows) – 16147.7s elapsed, ETA 5516.9s
2025-07-24T23:12:13.105592     • chunk 522/699 (10000 rows) – 16178.3s elapsed, ETA 5485.7s
2025-07-24T23:12:43.739565     • chunk 523/699 (10000 rows) – 16208.9s elapsed, ETA 5454.6s
2025-07-24T23:13:13.782741     • chunk 524/699 (10000 rows) – 16239.0s elapsed, ETA 5423.3s
2025-07-24T23:13:44.153275     • chunk 525/699 (10000 rows) – 16269.3s elapsed, ETA 5392.1s
2025-07-24T23:14:14.858041     • chunk 526/699 (10000 rows) – 16300.0s elapsed, ETA 5361.0s
2025-07-24T23:14:45.490614     • chunk 527/699 (10000 rows) – 16330.7s elapsed, ETA 5329.9s
2025-07-24T23:15:15.649287     • chunk 528/699 (10000 rows) – 16360.8s elapsed, ETA 5298.7s
2025-07-24T23:15:45.833476     • chunk 529/699 (10000 rows) – 16391.0s elapsed, ETA 5267.4s
2025-07-24T23:16:16.735343     • chunk 530/699 (10000 rows) – 16421.9s elapsed, ETA 5236.4s
2025-07-24T23:16:46.508412     • chunk 531/699 (10000 rows) – 16451.7s elapsed, ETA 5205.1s
2025-07-24T23:17:16.792729     • chunk 532/699 (10000 rows) – 16482.0s elapsed, ETA 5173.9s
2025-07-24T23:17:47.036345     • chunk 533/699 (10000 rows) – 16512.2s elapsed, ETA 5142.6s
2025-07-24T23:18:17.628748     • chunk 534/699 (10000 rows) – 16542.8s elapsed, ETA 5111.5s
2025-07-24T23:18:47.771504     • chunk 535/699 (10000 rows) – 16573.0s elapsed, ETA 5080.3s
2025-07-24T23:19:18.265957     • chunk 536/699 (10000 rows) – 16603.4s elapsed, ETA 5049.2s
2025-07-24T23:19:48.899190     • chunk 537/699 (10000 rows) – 16634.1s elapsed, ETA 5018.1s
2025-07-24T23:20:18.670521     • chunk 538/699 (10000 rows) – 16663.9s elapsed, ETA 4986.8s
2025-07-24T23:20:49.419858     • chunk 539/699 (10000 rows) – 16694.6s elapsed, ETA 4955.7s
2025-07-24T23:21:19.701240     • chunk 540/699 (10000 rows) – 16724.9s elapsed, ETA 4924.5s
2025-07-24T23:21:50.074985     • chunk 541/699 (10000 rows) – 16755.3s elapsed, ETA 4893.4s
2025-07-24T23:22:20.440049     • chunk 542/699 (10000 rows) – 16785.6s elapsed, ETA 4862.3s
2025-07-24T23:22:50.590869     • chunk 543/699 (10000 rows) – 16815.8s elapsed, ETA 4831.1s
2025-07-24T23:23:20.746489     • chunk 544/699 (10000 rows) – 16845.9s elapsed, ETA 4799.9s
2025-07-24T23:23:51.005562     • chunk 545/699 (10000 rows) – 16876.2s elapsed, ETA 4768.7s
2025-07-24T23:24:21.218911     • chunk 546/699 (10000 rows) – 16906.4s elapsed, ETA 4737.5s
2025-07-24T23:24:51.660538     • chunk 547/699 (10000 rows) – 16936.8s elapsed, ETA 4706.4s
2025-07-24T23:25:22.275763     • chunk 548/699 (10000 rows) – 16967.5s elapsed, ETA 4675.3s
2025-07-24T23:25:52.174581     • chunk 549/699 (10000 rows) – 16997.4s elapsed, ETA 4644.1s
2025-07-24T23:26:22.842281     • chunk 550/699 (10000 rows) – 17028.0s elapsed, ETA 4613.0s
2025-07-24T23:26:53.238280     • chunk 551/699 (10000 rows) – 17058.4s elapsed, ETA 4581.9s
2025-07-24T23:27:23.871536     • chunk 552/699 (10000 rows) – 17089.1s elapsed, ETA 4550.9s
2025-07-24T23:27:53.998951     • chunk 553/699 (10000 rows) – 17119.2s elapsed, ETA 4519.7s
2025-07-24T23:28:24.586717     • chunk 554/699 (10000 rows) – 17149.8s elapsed, ETA 4488.7s
2025-07-24T23:28:54.550353     • chunk 555/699 (10000 rows) – 17179.7s elapsed, ETA 4457.4s
2025-07-24T23:29:25.112858     • chunk 556/699 (10000 rows) – 17210.3s elapsed, ETA 4426.4s
2025-07-24T23:29:55.272145     • chunk 557/699 (10000 rows) – 17240.5s elapsed, ETA 4395.2s
2025-07-24T23:30:26.012745     • chunk 558/699 (10000 rows) – 17271.2s elapsed, ETA 4364.2s
2025-07-24T23:30:55.996946     • chunk 559/699 (10000 rows) – 17301.2s elapsed, ETA 4333.0s
2025-07-24T23:31:26.375942     • chunk 560/699 (10000 rows) – 17331.6s elapsed, ETA 4301.9s
2025-07-24T23:31:56.862203     • chunk 561/699 (10000 rows) – 17362.0s elapsed, ETA 4270.9s
2025-07-24T23:32:26.531738     • chunk 562/699 (10000 rows) – 17391.7s elapsed, ETA 4239.6s
2025-07-24T23:32:56.876604     • chunk 563/699 (10000 rows) – 17422.1s elapsed, ETA 4208.5s
2025-07-24T23:33:27.566840     • chunk 564/699 (10000 rows) – 17452.7s elapsed, ETA 4177.5s
2025-07-24T23:33:58.035121     • chunk 565/699 (10000 rows) – 17483.2s elapsed, ETA 4146.5s
2025-07-24T23:34:27.941704     • chunk 566/699 (10000 rows) – 17513.1s elapsed, ETA 4115.3s
2025-07-24T23:34:58.641502     • chunk 567/699 (10000 rows) – 17543.8s elapsed, ETA 4084.3s
2025-07-24T23:35:29.097107     • chunk 568/699 (10000 rows) – 17574.3s elapsed, ETA 4053.2s
2025-07-24T23:35:59.061960     • chunk 569/699 (10000 rows) – 17604.2s elapsed, ETA 4022.1s
2025-07-24T23:36:29.541684     • chunk 570/699 (10000 rows) – 17634.7s elapsed, ETA 3991.0s
2025-07-24T23:37:00.284258     • chunk 571/699 (10000 rows) – 17665.5s elapsed, ETA 3960.0s
2025-07-24T23:37:30.518252     • chunk 572/699 (10000 rows) – 17695.7s elapsed, ETA 3928.9s
2025-07-24T23:38:00.374943     • chunk 573/699 (10000 rows) – 17725.6s elapsed, ETA 3897.8s
2025-07-24T23:38:30.777459     • chunk 574/699 (10000 rows) – 17756.0s elapsed, ETA 3866.7s
2025-07-24T23:39:01.317944     • chunk 575/699 (10000 rows) – 17786.5s elapsed, ETA 3835.7s
2025-07-24T23:39:31.241264     • chunk 576/699 (10000 rows) – 17816.4s elapsed, ETA 3804.5s
2025-07-24T23:40:01.827132     • chunk 577/699 (10000 rows) – 17847.0s elapsed, ETA 3773.5s
2025-07-24T23:40:32.259209     • chunk 578/699 (10000 rows) – 17877.4s elapsed, ETA 3742.5s
2025-07-24T23:41:02.248418     • chunk 579/699 (10000 rows) – 17907.4s elapsed, ETA 3711.4s
2025-07-24T23:41:32.685088     • chunk 580/699 (10000 rows) – 17937.9s elapsed, ETA 3680.4s
2025-07-24T23:42:03.167115     • chunk 581/699 (10000 rows) – 17968.3s elapsed, ETA 3649.3s
2025-07-24T23:42:33.618945     • chunk 582/699 (10000 rows) – 17998.8s elapsed, ETA 3618.3s
2025-07-24T23:43:03.458496     • chunk 583/699 (10000 rows) – 18028.6s elapsed, ETA 3587.2s
2025-07-24T23:43:33.684859     • chunk 584/699 (10000 rows) – 18058.9s elapsed, ETA 3556.1s
2025-07-24T23:44:04.451041     • chunk 585/699 (10000 rows) – 18089.6s elapsed, ETA 3525.2s
2025-07-24T23:44:34.999512     • chunk 586/699 (10000 rows) – 18120.2s elapsed, ETA 3494.2s
2025-07-24T23:45:05.730654     • chunk 587/699 (10000 rows) – 18150.9s elapsed, ETA 3463.2s
2025-07-24T23:45:35.896264     • chunk 588/699 (10000 rows) – 18181.1s elapsed, ETA 3432.1s
2025-07-24T23:46:05.971646     • chunk 589/699 (10000 rows) – 18211.2s elapsed, ETA 3401.1s
2025-07-24T23:46:36.343153     • chunk 590/699 (10000 rows) – 18241.5s elapsed, ETA 3370.0s
2025-07-24T23:47:06.644162     • chunk 591/699 (10000 rows) – 18271.8s elapsed, ETA 3339.0s
2025-07-24T23:47:36.288753     • chunk 592/699 (10000 rows) – 18301.5s elapsed, ETA 3307.9s
2025-07-24T23:48:06.721119     • chunk 593/699 (10000 rows) – 18331.9s elapsed, ETA 3276.9s
2025-07-24T23:48:36.929593     • chunk 594/699 (10000 rows) – 18362.1s elapsed, ETA 3245.8s
2025-07-24T23:49:07.512513     • chunk 595/699 (10000 rows) – 18392.7s elapsed, ETA 3214.9s
2025-07-24T23:49:37.637874     • chunk 596/699 (10000 rows) – 18422.8s elapsed, ETA 3183.8s
2025-07-24T23:50:08.562139     • chunk 597/699 (10000 rows) – 18453.7s elapsed, ETA 3152.9s
2025-07-24T23:50:38.289867     • chunk 598/699 (10000 rows) – 18483.5s elapsed, ETA 3121.8s
2025-07-24T23:51:08.877055     • chunk 599/699 (10000 rows) – 18514.1s elapsed, ETA 3090.8s
2025-07-24T23:51:39.617304     • chunk 600/699 (10000 rows) – 18544.8s elapsed, ETA 3059.9s
2025-07-24T23:52:09.714462     • chunk 601/699 (10000 rows) – 18574.9s elapsed, ETA 3028.9s
2025-07-24T23:52:39.565892     • chunk 602/699 (10000 rows) – 18604.7s elapsed, ETA 2997.8s
2025-07-24T23:53:10.718335     • chunk 603/699 (10000 rows) – 18635.9s elapsed, ETA 2966.9s
2025-07-24T23:53:40.437950     • chunk 604/699 (10000 rows) – 18665.6s elapsed, ETA 2935.8s
2025-07-24T23:54:10.974550     • chunk 605/699 (10000 rows) – 18696.2s elapsed, ETA 2904.9s
2025-07-24T23:54:41.272406     • chunk 606/699 (10000 rows) – 18726.5s elapsed, ETA 2873.9s
2025-07-24T23:55:11.212344     • chunk 607/699 (10000 rows) – 18756.4s elapsed, ETA 2842.8s
2025-07-24T23:55:41.359763     • chunk 608/699 (10000 rows) – 18786.5s elapsed, ETA 2811.8s
2025-07-24T23:56:11.674259     • chunk 609/699 (10000 rows) – 18816.9s elapsed, ETA 2780.8s
2025-07-24T23:56:41.905069     • chunk 610/699 (10000 rows) – 18847.1s elapsed, ETA 2749.8s
2025-07-24T23:57:12.349154     • chunk 611/699 (10000 rows) – 18877.5s elapsed, ETA 2718.9s
2025-07-24T23:57:42.561248     • chunk 612/699 (10000 rows) – 18907.7s elapsed, ETA 2687.9s
2025-07-24T23:58:12.932046     • chunk 613/699 (10000 rows) – 18938.1s elapsed, ETA 2656.9s
2025-07-24T23:58:43.538356     • chunk 614/699 (10000 rows) – 18968.7s elapsed, ETA 2626.0s
2025-07-24T23:59:13.715416     • chunk 615/699 (10000 rows) – 18998.9s elapsed, ETA 2595.0s
2025-07-24T23:59:44.161482     • chunk 616/699 (10000 rows) – 19029.3s elapsed, ETA 2564.0s
2025-07-25T00:00:14.262393     • chunk 617/699 (10000 rows) – 19059.4s elapsed, ETA 2533.0s
2025-07-25T00:00:44.861203     • chunk 618/699 (10000 rows) – 19090.0s elapsed, ETA 2502.1s
2025-07-25T00:01:15.271545     • chunk 619/699 (10000 rows) – 19120.5s elapsed, ETA 2471.1s
2025-07-25T00:01:46.161149     • chunk 620/699 (10000 rows) – 19151.3s elapsed, ETA 2440.3s
2025-07-25T00:02:16.426508     • chunk 621/699 (10000 rows) – 19181.6s elapsed, ETA 2409.3s
2025-07-25T00:02:46.678877     • chunk 622/699 (10000 rows) – 19211.9s elapsed, ETA 2378.3s
2025-07-25T00:03:16.804169     • chunk 623/699 (10000 rows) – 19242.0s elapsed, ETA 2347.3s
2025-07-25T00:03:46.821658     • chunk 624/699 (10000 rows) – 19272.0s elapsed, ETA 2316.3s
2025-07-25T00:04:17.066847     • chunk 625/699 (10000 rows) – 19302.2s elapsed, ETA 2285.4s
2025-07-25T00:04:46.716579     • chunk 626/699 (10000 rows) – 19331.9s elapsed, ETA 2254.4s
2025-07-25T00:05:16.963377     • chunk 627/699 (10000 rows) – 19362.1s elapsed, ETA 2223.4s
2025-07-25T00:05:47.014235     • chunk 628/699 (10000 rows) – 19392.2s elapsed, ETA 2192.4s
2025-07-25T00:06:17.253055     • chunk 629/699 (10000 rows) – 19422.4s elapsed, ETA 2161.5s
2025-07-25T00:06:47.326544     • chunk 630/699 (10000 rows) – 19452.5s elapsed, ETA 2130.5s
2025-07-25T00:07:17.894134     • chunk 631/699 (10000 rows) – 19483.1s elapsed, ETA 2099.6s
2025-07-25T00:07:48.443591     • chunk 632/699 (10000 rows) – 19513.6s elapsed, ETA 2068.7s
2025-07-25T00:08:18.427433     • chunk 633/699 (10000 rows) – 19543.6s elapsed, ETA 2037.7s
2025-07-25T00:08:48.771866     • chunk 634/699 (10000 rows) – 19574.0s elapsed, ETA 2006.8s
2025-07-25T00:09:19.278449     • chunk 635/699 (10000 rows) – 19604.5s elapsed, ETA 1975.9s
2025-07-25T00:09:49.906672     • chunk 636/699 (10000 rows) – 19635.1s elapsed, ETA 1945.0s
2025-07-25T00:10:20.699150     • chunk 637/699 (10000 rows) – 19665.9s elapsed, ETA 1914.1s
2025-07-25T00:10:50.992728     • chunk 638/699 (10000 rows) – 19696.2s elapsed, ETA 1883.2s
2025-07-25T00:11:21.409352     • chunk 639/699 (10000 rows) – 19726.6s elapsed, ETA 1852.3s
2025-07-25T00:11:51.196439     • chunk 640/699 (10000 rows) – 19756.4s elapsed, ETA 1821.3s
2025-07-25T00:12:21.532097     • chunk 641/699 (10000 rows) – 19786.7s elapsed, ETA 1790.4s
2025-07-25T00:12:51.583608     • chunk 642/699 (10000 rows) – 19816.8s elapsed, ETA 1759.4s
2025-07-25T00:13:21.630300     • chunk 643/699 (10000 rows) – 19846.8s elapsed, ETA 1728.5s
2025-07-25T00:13:52.074521     • chunk 644/699 (10000 rows) – 19877.3s elapsed, ETA 1697.6s
2025-07-25T00:14:22.245280     • chunk 645/699 (10000 rows) – 19907.4s elapsed, ETA 1666.7s
2025-07-25T00:14:52.916306     • chunk 646/699 (10000 rows) – 19938.1s elapsed, ETA 1635.8s
2025-07-25T00:15:22.967476     • chunk 647/699 (10000 rows) – 19968.1s elapsed, ETA 1604.9s
2025-07-25T00:15:53.421894     • chunk 648/699 (10000 rows) – 19998.6s elapsed, ETA 1574.0s
2025-07-25T00:16:23.805595     • chunk 649/699 (10000 rows) – 20029.0s elapsed, ETA 1543.1s
2025-07-25T00:16:54.262277     • chunk 650/699 (10000 rows) – 20059.4s elapsed, ETA 1512.2s
2025-07-25T00:17:24.817472     • chunk 651/699 (10000 rows) – 20090.0s elapsed, ETA 1481.3s
2025-07-25T00:17:55.062231     • chunk 652/699 (10000 rows) – 20120.2s elapsed, ETA 1450.4s
2025-07-25T00:18:25.652992     • chunk 653/699 (10000 rows) – 20150.8s elapsed, ETA 1419.5s
2025-07-25T00:18:55.641974     • chunk 654/699 (10000 rows) – 20180.8s elapsed, ETA 1388.6s
2025-07-25T00:19:26.112417     • chunk 655/699 (10000 rows) – 20211.3s elapsed, ETA 1357.7s
2025-07-25T00:19:56.378082     • chunk 656/699 (10000 rows) – 20241.6s elapsed, ETA 1326.8s
2025-07-25T00:20:26.404565     • chunk 657/699 (10000 rows) – 20271.6s elapsed, ETA 1295.9s
2025-07-25T00:20:56.277432     • chunk 658/699 (10000 rows) – 20301.5s elapsed, ETA 1265.0s
2025-07-25T00:21:26.334108     • chunk 659/699 (10000 rows) – 20331.5s elapsed, ETA 1234.1s
2025-07-25T00:21:56.579518     • chunk 660/699 (10000 rows) – 20361.8s elapsed, ETA 1203.2s
2025-07-25T00:22:27.345293     • chunk 661/699 (10000 rows) – 20392.5s elapsed, ETA 1172.3s
2025-07-25T00:22:57.535094     • chunk 662/699 (10000 rows) – 20422.7s elapsed, ETA 1141.5s
2025-07-25T00:23:28.071610     • chunk 663/699 (10000 rows) – 20453.3s elapsed, ETA 1110.6s
2025-07-25T00:23:58.395717     • chunk 664/699 (10000 rows) – 20483.6s elapsed, ETA 1079.7s
2025-07-25T00:24:28.947292     • chunk 665/699 (10000 rows) – 20514.1s elapsed, ETA 1048.8s
2025-07-25T00:24:59.350461     • chunk 666/699 (10000 rows) – 20544.5s elapsed, ETA 1018.0s
2025-07-25T00:25:30.261676     • chunk 667/699 (10000 rows) – 20575.4s elapsed, ETA 987.1s
2025-07-25T00:26:00.358171     • chunk 668/699 (10000 rows) – 20605.5s elapsed, ETA 956.2s
2025-07-25T00:26:31.157516     • chunk 669/699 (10000 rows) – 20636.3s elapsed, ETA 925.4s
2025-07-25T00:27:01.428698     • chunk 670/699 (10000 rows) – 20666.6s elapsed, ETA 894.5s
2025-07-25T00:27:32.006369     • chunk 671/699 (10000 rows) – 20697.2s elapsed, ETA 863.7s
2025-07-25T00:28:01.887502     • chunk 672/699 (10000 rows) – 20727.1s elapsed, ETA 832.8s
2025-07-25T00:28:32.353701     • chunk 673/699 (10000 rows) – 20757.5s elapsed, ETA 801.9s
2025-07-25T00:29:02.301084     • chunk 674/699 (10000 rows) – 20787.5s elapsed, ETA 771.0s
2025-07-25T00:29:32.191730     • chunk 675/699 (10000 rows) – 20817.4s elapsed, ETA 740.2s
2025-07-25T00:30:02.448249     • chunk 676/699 (10000 rows) – 20847.6s elapsed, ETA 709.3s
2025-07-25T00:30:32.750146     • chunk 677/699 (10000 rows) – 20877.9s elapsed, ETA 678.5s
2025-07-25T00:31:03.176067     • chunk 678/699 (10000 rows) – 20908.4s elapsed, ETA 647.6s
2025-07-25T00:31:33.553166     • chunk 679/699 (10000 rows) – 20938.7s elapsed, ETA 616.8s
2025-07-25T00:32:04.103339     • chunk 680/699 (10000 rows) – 20969.3s elapsed, ETA 585.9s
2025-07-25T00:32:34.360771     • chunk 681/699 (10000 rows) – 20999.5s elapsed, ETA 555.1s
2025-07-25T00:33:04.938379     • chunk 682/699 (10000 rows) – 21030.1s elapsed, ETA 524.2s
2025-07-25T00:33:35.074922     • chunk 683/699 (10000 rows) – 21060.3s elapsed, ETA 493.4s
2025-07-25T00:34:05.649404     • chunk 684/699 (10000 rows) – 21090.8s elapsed, ETA 462.5s
2025-07-25T00:34:35.959962     • chunk 685/699 (10000 rows) – 21121.1s elapsed, ETA 431.7s
2025-07-25T00:35:06.523338     • chunk 686/699 (10000 rows) – 21151.7s elapsed, ETA 400.8s
2025-07-25T00:35:36.800962     • chunk 687/699 (10000 rows) – 21182.0s elapsed, ETA 370.0s
2025-07-25T00:36:07.548986     • chunk 688/699 (10000 rows) – 21212.7s elapsed, ETA 339.2s
2025-07-25T00:36:37.210830     • chunk 689/699 (10000 rows) – 21242.4s elapsed, ETA 308.3s
2025-07-25T00:37:07.524460     • chunk 690/699 (10000 rows) – 21272.7s elapsed, ETA 277.5s
2025-07-25T00:37:37.410470     • chunk 691/699 (10000 rows) – 21302.6s elapsed, ETA 246.6s
2025-07-25T00:38:07.355796     • chunk 692/699 (10000 rows) – 21332.5s elapsed, ETA 215.8s
2025-07-25T00:38:37.411147     • chunk 693/699 (10000 rows) – 21362.6s elapsed, ETA 185.0s
2025-07-25T00:39:07.600158     • chunk 694/699 (10000 rows) – 21392.8s elapsed, ETA 154.1s
2025-07-25T00:39:38.263306     • chunk 695/699 (10000 rows) – 21423.4s elapsed, ETA 123.3s
2025-07-25T00:40:08.307890     • chunk 696/699 (10000 rows) – 21453.5s elapsed, ETA 92.5s
2025-07-25T00:40:38.744614     • chunk 697/699 (10000 rows) – 21483.9s elapsed, ETA 61.6s
2025-07-25T00:41:09.060344     • chunk 698/699 (10000 rows) – 21514.2s elapsed, ETA 30.8s
2025-07-25T00:41:33.190712     • chunk 699/699 (8708 rows) – 21538.4s elapsed, ETA 0.0s
2025-07-25T00:41:33.190712  2) Building user_features…
2025-07-25T00:42:10.513095     ✓ Wrote 1987792 rows to user_features
2025-07-25T00:42:10.514090  3) Building business_features…
2025-07-25T00:42:15.641282     ✓ Wrote 150346 rows to business_features
2025-07-25T00:42:15.641282  4) Scaling numeric features
2025-07-25T00:45:34.111949     ✓ Saved StandardScaler to outputs/scaler.pkl
2025-07-25T00:45:34.120948  ✅ features.py complete — all feature tables and plots are up to date.