2025-08-05 21:33:53,758 [INFO] Enhanced Sentiment Analysis Pipeline v4.0
2025-08-05 21:33:53,758 [INFO] Using up to 16 CPU cores
2025-08-05 21:33:53,758 [INFO] Output directory: outputs\enhanced_pipeline_20250805_213353
2025-08-05 21:33:53,818 [INFO] [GPU] 0:NVIDIA GeForce RTX 4050 Laptop GPU util=0% mem=116/6141MiB
2025-08-05 21:33:53,818 [INFO] Step 1: Enhanced preprocessing and feature engineering
2025-08-05 21:33:57,740 [INFO] Table 'reviews' row count: 6990247
2025-08-05 21:34:02,701 [INFO] Table 'review_features' row count: 6988708
2025-08-05 21:34:03,013 [INFO] Table 'user_features' row count: 1987792
2025-08-05 21:34:49,976 [INFO] Loaded 500000 rows so far...
2025-08-05 21:34:51,917 [INFO] Loaded 1000000 rows so far...
2025-08-05 21:34:53,485 [INFO] Loaded 1500000 rows so far...
2025-08-05 21:34:54,907 [INFO] Loaded 2000000 rows so far...
2025-08-05 21:34:56,472 [INFO] Loaded 2500000 rows so far...
2025-08-05 21:34:58,018 [INFO] Loaded 3000000 rows so far...
2025-08-05 21:34:59,454 [INFO] Loaded 3500000 rows so far...
2025-08-05 21:35:01,035 [INFO] Loaded 4000000 rows so far...
2025-08-05 21:35:02,497 [INFO] Loaded 4500000 rows so far...
2025-08-05 21:35:04,087 [INFO] Loaded 5000000 rows so far...
2025-08-05 21:35:06,306 [INFO] Loaded 5500000 rows so far...
2025-08-05 21:35:09,682 [INFO] Loaded 6000000 rows so far...
2025-08-05 21:35:12,585 [INFO] Loaded 6500000 rows so far...
2025-08-05 21:35:16,202 [INFO] Loaded 6988708 rows so far...
2025-08-05 21:35:20,885 [INFO] Class distribution: {1: np.int64(4683399), 0: np.int64(2305309)}
2025-08-05 21:35:21,159 [INFO] Loaded 6988708 rows, 9 features in 87.3s
2025-08-05 21:35:24,215 [INFO] Creating text features (word TF-IDF + SVD)...
2025-08-05 22:04:52,963 [INFO] Text features: 5000 word -> 100 SVD components
2025-08-05 22:05:03,743 [INFO] Computing tok2vec embeddings...
2025-08-05 22:05:12,994 [INFO] Processed 0/6988708 documents for embeddings
2025-08-05 22:06:01,219 [INFO] Processed 10000/6988708 documents for embeddings
2025-08-05 22:06:28,120 [INFO] Processed 20000/6988708 documents for embeddings
2025-08-05 22:06:54,981 [INFO] Processed 30000/6988708 documents for embeddings
2025-08-05 22:07:22,473 [INFO] Processed 40000/6988708 documents for embeddings
2025-08-05 22:07:49,558 [INFO] Processed 50000/6988708 documents for embeddings
2025-08-05 22:08:16,465 [INFO] Processed 60000/6988708 documents for embeddings
2025-08-05 22:08:42,833 [INFO] Processed 70000/6988708 documents for embeddings
2025-08-05 22:09:10,378 [INFO] Processed 80000/6988708 documents for embeddings
2025-08-05 22:09:38,480 [INFO] Processed 90000/6988708 documents for embeddings
2025-08-05 22:10:06,586 [INFO] Processed 100000/6988708 documents for embeddings
2025-08-05 22:10:33,029 [INFO] Processed 110000/6988708 documents for embeddings
2025-08-05 22:10:59,974 [INFO] Processed 120000/6988708 documents for embeddings
2025-08-05 22:11:27,375 [INFO] Processed 130000/6988708 documents for embeddings
2025-08-05 22:11:55,566 [INFO] Processed 140000/6988708 documents for embeddings
2025-08-05 22:12:22,746 [INFO] Processed 150000/6988708 documents for embeddings
2025-08-05 22:12:50,621 [INFO] Processed 160000/6988708 documents for embeddings
2025-08-05 22:13:18,352 [INFO] Processed 170000/6988708 documents for embeddings
2025-08-05 22:13:44,898 [INFO] Processed 180000/6988708 documents for embeddings
2025-08-05 22:14:11,829 [INFO] Processed 190000/6988708 documents for embeddings
2025-08-05 22:14:39,465 [INFO] Processed 200000/6988708 documents for embeddings
2025-08-05 22:15:06,976 [INFO] Processed 210000/6988708 documents for embeddings
2025-08-05 22:15:35,444 [INFO] Processed 220000/6988708 documents for embeddings
2025-08-05 22:16:03,515 [INFO] Processed 230000/6988708 documents for embeddings
2025-08-05 22:16:30,915 [INFO] Processed 240000/6988708 documents for embeddings
2025-08-05 22:16:59,581 [INFO] Processed 250000/6988708 documents for embeddings
2025-08-05 22:17:26,722 [INFO] Processed 260000/6988708 documents for embeddings
2025-08-05 22:17:54,428 [INFO] Processed 270000/6988708 documents for embeddings
2025-08-05 22:18:21,641 [INFO] Processed 280000/6988708 documents for embeddings
2025-08-05 22:18:48,853 [INFO] Processed 290000/6988708 documents for embeddings
2025-08-05 22:19:14,960 [INFO] Processed 300000/6988708 documents for embeddings
2025-08-05 22:19:41,713 [INFO] Processed 310000/6988708 documents for embeddings
2025-08-05 22:20:09,055 [INFO] Processed 320000/6988708 documents for embeddings
2025-08-05 22:20:36,227 [INFO] Processed 330000/6988708 documents for embeddings
2025-08-05 22:21:03,757 [INFO] Processed 340000/6988708 documents for embeddings
2025-08-05 22:21:23,814 [INFO] Processed 350000/6988708 documents for embeddings
2025-08-05 22:21:38,594 [INFO] Processed 360000/6988708 documents for embeddings
2025-08-05 22:21:54,080 [INFO] Processed 370000/6988708 documents for embeddings
2025-08-05 22:22:09,299 [INFO] Processed 380000/6988708 documents for embeddings
2025-08-05 22:22:24,550 [INFO] Processed 390000/6988708 documents for embeddings
2025-08-05 22:22:41,604 [INFO] Processed 400000/6988708 documents for embeddings
2025-08-05 22:22:57,203 [INFO] Processed 410000/6988708 documents for embeddings
2025-08-05 22:23:11,233 [INFO] Processed 420000/6988708 documents for embeddings
2025-08-05 22:23:25,483 [INFO] Processed 430000/6988708 documents for embeddings
2025-08-05 22:23:40,034 [INFO] Processed 440000/6988708 documents for embeddings
2025-08-05 22:23:54,709 [INFO] Processed 450000/6988708 documents for embeddings
2025-08-05 22:24:09,670 [INFO] Processed 460000/6988708 documents for embeddings
2025-08-05 22:24:24,456 [INFO] Processed 470000/6988708 documents for embeddings
2025-08-05 22:24:38,875 [INFO] Processed 480000/6988708 documents for embeddings
2025-08-05 22:24:53,521 [INFO] Processed 490000/6988708 documents for embeddings
2025-08-05 22:25:08,311 [INFO] Processed 500000/6988708 documents for embeddings
2025-08-05 22:25:23,091 [INFO] Processed 510000/6988708 documents for embeddings
2025-08-05 22:25:37,479 [INFO] Processed 520000/6988708 documents for embeddings
2025-08-05 22:25:52,573 [INFO] Processed 530000/6988708 documents for embeddings
2025-08-05 22:26:07,494 [INFO] Processed 540000/6988708 documents for embeddings
2025-08-05 22:26:21,889 [INFO] Processed 550000/6988708 documents for embeddings
2025-08-05 22:26:36,663 [INFO] Processed 560000/6988708 documents for embeddings
2025-08-05 22:26:51,468 [INFO] Processed 570000/6988708 documents for embeddings
2025-08-05 22:27:06,314 [INFO] Processed 580000/6988708 documents for embeddings
2025-08-05 22:27:20,981 [INFO] Processed 590000/6988708 documents for embeddings
2025-08-05 22:27:35,931 [INFO] Processed 600000/6988708 documents for embeddings
2025-08-05 22:27:50,559 [INFO] Processed 610000/6988708 documents for embeddings
2025-08-05 22:28:05,070 [INFO] Processed 620000/6988708 documents for embeddings
2025-08-05 22:28:19,748 [INFO] Processed 630000/6988708 documents for embeddings
2025-08-05 22:28:34,353 [INFO] Processed 640000/6988708 documents for embeddings
2025-08-05 22:28:49,095 [INFO] Processed 650000/6988708 documents for embeddings
2025-08-05 22:29:04,229 [INFO] Processed 660000/6988708 documents for embeddings
2025-08-05 22:29:19,051 [INFO] Processed 670000/6988708 documents for embeddings
2025-08-05 22:29:34,054 [INFO] Processed 680000/6988708 documents for embeddings
2025-08-05 22:29:48,963 [INFO] Processed 690000/6988708 documents for embeddings
2025-08-05 22:30:03,645 [INFO] Processed 700000/6988708 documents for embeddings
2025-08-05 22:30:18,240 [INFO] Processed 710000/6988708 documents for embeddings
2025-08-05 22:30:32,882 [INFO] Processed 720000/6988708 documents for embeddings
2025-08-05 22:30:47,504 [INFO] Processed 730000/6988708 documents for embeddings
2025-08-05 22:31:02,044 [INFO] Processed 740000/6988708 documents for embeddings
2025-08-05 22:31:16,538 [INFO] Processed 750000/6988708 documents for embeddings
2025-08-05 22:31:31,468 [INFO] Processed 760000/6988708 documents for embeddings
2025-08-05 22:31:46,228 [INFO] Processed 770000/6988708 documents for embeddings
2025-08-05 22:32:00,926 [INFO] Processed 780000/6988708 documents for embeddings
2025-08-05 22:32:16,381 [INFO] Processed 790000/6988708 documents for embeddings
2025-08-05 22:32:31,344 [INFO] Processed 800000/6988708 documents for embeddings
2025-08-05 22:32:46,393 [INFO] Processed 810000/6988708 documents for embeddings
2025-08-05 22:33:01,763 [INFO] Processed 820000/6988708 documents for embeddings
2025-08-05 22:33:16,644 [INFO] Processed 830000/6988708 documents for embeddings
2025-08-05 22:33:31,534 [INFO] Processed 840000/6988708 documents for embeddings
2025-08-05 22:33:46,261 [INFO] Processed 850000/6988708 documents for embeddings
2025-08-05 22:34:01,381 [INFO] Processed 860000/6988708 documents for embeddings
2025-08-05 22:34:16,306 [INFO] Processed 870000/6988708 documents for embeddings
2025-08-05 22:34:31,270 [INFO] Processed 880000/6988708 documents for embeddings
2025-08-05 22:34:45,864 [INFO] Processed 890000/6988708 documents for embeddings
2025-08-05 22:35:01,052 [INFO] Processed 900000/6988708 documents for embeddings
2025-08-05 22:35:16,622 [INFO] Processed 910000/6988708 documents for embeddings
2025-08-05 22:35:31,857 [INFO] Processed 920000/6988708 documents for embeddings
2025-08-05 22:35:46,824 [INFO] Processed 930000/6988708 documents for embeddings
2025-08-05 22:36:02,230 [INFO] Processed 940000/6988708 documents for embeddings
2025-08-05 22:36:17,474 [INFO] Processed 950000/6988708 documents for embeddings
2025-08-05 22:36:33,189 [INFO] Processed 960000/6988708 documents for embeddings
2025-08-05 22:36:48,562 [INFO] Processed 970000/6988708 documents for embeddings
2025-08-05 22:37:03,445 [INFO] Processed 980000/6988708 documents for embeddings
2025-08-05 22:37:18,721 [INFO] Processed 990000/6988708 documents for embeddings
2025-08-05 22:37:33,790 [INFO] Processed 1000000/6988708 documents for embeddings
2025-08-05 22:37:48,698 [INFO] Processed 1010000/6988708 documents for embeddings
2025-08-05 22:38:03,433 [INFO] Processed 1020000/6988708 documents for embeddings
2025-08-05 22:38:18,693 [INFO] Processed 1030000/6988708 documents for embeddings
2025-08-05 22:38:34,113 [INFO] Processed 1040000/6988708 documents for embeddings
2025-08-05 22:38:49,087 [INFO] Processed 1050000/6988708 documents for embeddings
2025-08-05 22:39:04,637 [INFO] Processed 1060000/6988708 documents for embeddings
2025-08-05 22:39:20,026 [INFO] Processed 1070000/6988708 documents for embeddings
2025-08-05 22:39:35,125 [INFO] Processed 1080000/6988708 documents for embeddings
2025-08-05 22:39:49,818 [INFO] Processed 1090000/6988708 documents for embeddings
2025-08-05 22:40:04,722 [INFO] Processed 1100000/6988708 documents for embeddings
2025-08-05 22:40:19,676 [INFO] Processed 1110000/6988708 documents for embeddings
2025-08-05 22:40:34,691 [INFO] Processed 1120000/6988708 documents for embeddings
2025-08-05 22:40:49,533 [INFO] Processed 1130000/6988708 documents for embeddings
2025-08-05 22:41:04,706 [INFO] Processed 1140000/6988708 documents for embeddings
2025-08-05 22:41:19,728 [INFO] Processed 1150000/6988708 documents for embeddings
2025-08-05 22:41:34,669 [INFO] Processed 1160000/6988708 documents for embeddings
2025-08-05 22:41:50,432 [INFO] Processed 1170000/6988708 documents for embeddings
2025-08-05 22:42:05,780 [INFO] Processed 1180000/6988708 documents for embeddings
2025-08-05 22:42:20,897 [INFO] Processed 1190000/6988708 documents for embeddings
2025-08-05 22:42:36,159 [INFO] Processed 1200000/6988708 documents for embeddings
2025-08-05 22:42:51,278 [INFO] Processed 1210000/6988708 documents for embeddings
2025-08-05 22:43:06,014 [INFO] Processed 1220000/6988708 documents for embeddings
2025-08-05 22:43:20,986 [INFO] Processed 1230000/6988708 documents for embeddings
2025-08-05 22:43:36,009 [INFO] Processed 1240000/6988708 documents for embeddings
2025-08-05 22:43:50,858 [INFO] Processed 1250000/6988708 documents for embeddings
2025-08-05 22:44:05,942 [INFO] Processed 1260000/6988708 documents for embeddings
2025-08-05 22:44:21,086 [INFO] Processed 1270000/6988708 documents for embeddings
2025-08-05 22:44:36,401 [INFO] Processed 1280000/6988708 documents for embeddings
2025-08-05 22:44:51,379 [INFO] Processed 1290000/6988708 documents for embeddings
2025-08-05 22:45:07,244 [INFO] Processed 1300000/6988708 documents for embeddings
2025-08-05 22:45:22,210 [INFO] Processed 1310000/6988708 documents for embeddings
2025-08-05 22:45:37,617 [INFO] Processed 1320000/6988708 documents for embeddings
2025-08-05 22:45:52,514 [INFO] Processed 1330000/6988708 documents for embeddings
2025-08-05 22:46:07,609 [INFO] Processed 1340000/6988708 documents for embeddings
2025-08-05 22:46:22,581 [INFO] Processed 1350000/6988708 documents for embeddings
2025-08-05 22:46:37,602 [INFO] Processed 1360000/6988708 documents for embeddings
2025-08-05 22:46:52,597 [INFO] Processed 1370000/6988708 documents for embeddings
2025-08-05 22:47:07,431 [INFO] Processed 1380000/6988708 documents for embeddings
2025-08-05 22:47:22,435 [INFO] Processed 1390000/6988708 documents for embeddings
2025-08-05 22:47:37,397 [INFO] Processed 1400000/6988708 documents for embeddings
2025-08-05 22:47:52,201 [INFO] Processed 1410000/6988708 documents for embeddings
2025-08-05 22:48:07,434 [INFO] Processed 1420000/6988708 documents for embeddings
2025-08-05 22:48:23,277 [INFO] Processed 1430000/6988708 documents for embeddings
2025-08-05 22:48:38,685 [INFO] Processed 1440000/6988708 documents for embeddings
2025-08-05 22:48:54,478 [INFO] Processed 1450000/6988708 documents for embeddings
2025-08-05 22:49:10,128 [INFO] Processed 1460000/6988708 documents for embeddings
2025-08-05 22:49:25,804 [INFO] Processed 1470000/6988708 documents for embeddings
2025-08-05 22:49:41,057 [INFO] Processed 1480000/6988708 documents for embeddings
2025-08-05 22:49:56,357 [INFO] Processed 1490000/6988708 documents for embeddings
2025-08-05 22:50:11,488 [INFO] Processed 1500000/6988708 documents for embeddings
2025-08-05 22:50:26,778 [INFO] Processed 1510000/6988708 documents for embeddings
2025-08-05 22:50:42,291 [INFO] Processed 1520000/6988708 documents for embeddings
2025-08-05 22:50:59,282 [INFO] Processed 1530000/6988708 documents for embeddings
2025-08-05 22:51:13,218 [INFO] Processed 1540000/6988708 documents for embeddings
2025-08-05 22:51:28,458 [INFO] Processed 1550000/6988708 documents for embeddings
2025-08-05 22:51:42,457 [INFO] Processed 1560000/6988708 documents for embeddings
2025-08-05 22:51:56,469 [INFO] Processed 1570000/6988708 documents for embeddings
2025-08-05 22:52:13,405 [INFO] Processed 1580000/6988708 documents for embeddings
2025-08-05 22:52:39,491 [INFO] Processed 1590000/6988708 documents for embeddings
2025-08-05 22:53:05,202 [INFO] Processed 1600000/6988708 documents for embeddings
2025-08-05 22:53:30,427 [INFO] Processed 1610000/6988708 documents for embeddings
2025-08-05 22:53:57,107 [INFO] Processed 1620000/6988708 documents for embeddings
2025-08-05 22:54:22,824 [INFO] Processed 1630000/6988708 documents for embeddings
2025-08-05 22:54:48,683 [INFO] Processed 1640000/6988708 documents for embeddings
2025-08-05 22:55:14,343 [INFO] Processed 1650000/6988708 documents for embeddings
2025-08-05 22:55:40,465 [INFO] Processed 1660000/6988708 documents for embeddings
2025-08-05 22:56:06,815 [INFO] Processed 1670000/6988708 documents for embeddings
2025-08-05 22:56:33,139 [INFO] Processed 1680000/6988708 documents for embeddings
2025-08-05 22:56:59,666 [INFO] Processed 1690000/6988708 documents for embeddings
2025-08-05 22:57:25,532 [INFO] Processed 1700000/6988708 documents for embeddings
2025-08-05 22:57:51,735 [INFO] Processed 1710000/6988708 documents for embeddings
2025-08-05 22:58:18,331 [INFO] Processed 1720000/6988708 documents for embeddings
2025-08-05 22:58:44,757 [INFO] Processed 1730000/6988708 documents for embeddings
2025-08-05 22:59:10,618 [INFO] Processed 1740000/6988708 documents for embeddings
2025-08-05 22:59:36,933 [INFO] Processed 1750000/6988708 documents for embeddings
2025-08-05 23:00:03,320 [INFO] Processed 1760000/6988708 documents for embeddings
2025-08-05 23:00:29,557 [INFO] Processed 1770000/6988708 documents for embeddings
2025-08-05 23:00:55,626 [INFO] Processed 1780000/6988708 documents for embeddings
2025-08-05 23:01:21,420 [INFO] Processed 1790000/6988708 documents for embeddings
2025-08-05 23:01:47,462 [INFO] Processed 1800000/6988708 documents for embeddings
2025-08-05 23:02:13,299 [INFO] Processed 1810000/6988708 documents for embeddings
2025-08-05 23:02:39,969 [INFO] Processed 1820000/6988708 documents for embeddings
2025-08-05 23:03:06,133 [INFO] Processed 1830000/6988708 documents for embeddings
2025-08-05 23:03:32,508 [INFO] Processed 1840000/6988708 documents for embeddings
2025-08-05 23:03:59,649 [INFO] Processed 1850000/6988708 documents for embeddings
2025-08-05 23:04:27,415 [INFO] Processed 1860000/6988708 documents for embeddings
2025-08-05 23:04:55,243 [INFO] Processed 1870000/6988708 documents for embeddings
2025-08-05 23:05:22,762 [INFO] Processed 1880000/6988708 documents for embeddings
2025-08-05 23:05:49,021 [INFO] Processed 1890000/6988708 documents for embeddings
2025-08-05 23:06:15,470 [INFO] Processed 1900000/6988708 documents for embeddings
2025-08-05 23:06:42,059 [INFO] Processed 1910000/6988708 documents for embeddings
2025-08-05 23:07:09,599 [INFO] Processed 1920000/6988708 documents for embeddings
2025-08-05 23:07:36,594 [INFO] Processed 1930000/6988708 documents for embeddings
2025-08-05 23:08:03,586 [INFO] Processed 1940000/6988708 documents for embeddings
2025-08-05 23:08:31,048 [INFO] Processed 1950000/6988708 documents for embeddings
2025-08-05 23:08:57,231 [INFO] Processed 1960000/6988708 documents for embeddings
2025-08-05 23:09:23,494 [INFO] Processed 1970000/6988708 documents for embeddings
2025-08-05 23:09:49,591 [INFO] Processed 1980000/6988708 documents for embeddings
2025-08-05 23:10:16,166 [INFO] Processed 1990000/6988708 documents for embeddings
2025-08-05 23:10:42,963 [INFO] Processed 2000000/6988708 documents for embeddings
2025-08-05 23:11:09,944 [INFO] Processed 2010000/6988708 documents for embeddings
2025-08-05 23:11:37,161 [INFO] Processed 2020000/6988708 documents for embeddings
2025-08-05 23:12:04,480 [INFO] Processed 2030000/6988708 documents for embeddings
2025-08-05 23:12:31,988 [INFO] Processed 2040000/6988708 documents for embeddings
2025-08-05 23:12:58,658 [INFO] Processed 2050000/6988708 documents for embeddings
2025-08-05 23:13:24,784 [INFO] Processed 2060000/6988708 documents for embeddings
2025-08-05 23:13:50,898 [INFO] Processed 2070000/6988708 documents for embeddings
2025-08-05 23:14:17,632 [INFO] Processed 2080000/6988708 documents for embeddings
2025-08-05 23:14:43,637 [INFO] Processed 2090000/6988708 documents for embeddings
2025-08-05 23:15:10,374 [INFO] Processed 2100000/6988708 documents for embeddings
2025-08-05 23:15:37,080 [INFO] Processed 2110000/6988708 documents for embeddings
2025-08-05 23:16:03,786 [INFO] Processed 2120000/6988708 documents for embeddings
2025-08-05 23:16:30,582 [INFO] Processed 2130000/6988708 documents for embeddings
2025-08-05 23:16:57,340 [INFO] Processed 2140000/6988708 documents for embeddings
2025-08-05 23:17:22,917 [INFO] Processed 2150000/6988708 documents for embeddings
2025-08-05 23:17:48,383 [INFO] Processed 2160000/6988708 documents for embeddings
2025-08-05 23:18:03,362 [INFO] Processed 2170000/6988708 documents for embeddings
2025-08-05 23:18:15,717 [INFO] Processed 2180000/6988708 documents for embeddings
2025-08-05 23:18:28,192 [INFO] Processed 2190000/6988708 documents for embeddings
2025-08-05 23:18:40,237 [INFO] Processed 2200000/6988708 documents for embeddings
2025-08-05 23:18:52,951 [INFO] Processed 2210000/6988708 documents for embeddings
2025-08-05 23:19:05,198 [INFO] Processed 2220000/6988708 documents for embeddings
2025-08-05 23:19:17,390 [INFO] Processed 2230000/6988708 documents for embeddings
2025-08-05 23:19:29,462 [INFO] Processed 2240000/6988708 documents for embeddings
2025-08-05 23:19:41,696 [INFO] Processed 2250000/6988708 documents for embeddings
2025-08-05 23:19:53,629 [INFO] Processed 2260000/6988708 documents for embeddings
2025-08-05 23:20:05,617 [INFO] Processed 2270000/6988708 documents for embeddings
2025-08-05 23:20:17,786 [INFO] Processed 2280000/6988708 documents for embeddings
2025-08-05 23:20:30,292 [INFO] Processed 2290000/6988708 documents for embeddings
2025-08-05 23:20:47,738 [INFO] Processed 2300000/6988708 documents for embeddings
2025-08-05 23:21:08,450 [INFO] Processed 2310000/6988708 documents for embeddings
2025-08-05 23:21:29,170 [INFO] Processed 2320000/6988708 documents for embeddings
2025-08-05 23:21:49,433 [INFO] Processed 2330000/6988708 documents for embeddings
2025-08-05 23:22:10,755 [INFO] Processed 2340000/6988708 documents for embeddings
2025-08-05 23:22:31,038 [INFO] Processed 2350000/6988708 documents for embeddings
2025-08-05 23:22:52,433 [INFO] Processed 2360000/6988708 documents for embeddings
2025-08-05 23:23:12,446 [INFO] Processed 2370000/6988708 documents for embeddings
2025-08-05 23:23:33,280 [INFO] Processed 2380000/6988708 documents for embeddings
2025-08-05 23:23:53,644 [INFO] Processed 2390000/6988708 documents for embeddings
2025-08-05 23:24:16,734 [INFO] Processed 2400000/6988708 documents for embeddings
2025-08-05 23:24:39,813 [INFO] Processed 2410000/6988708 documents for embeddings
2025-08-05 23:25:01,223 [INFO] Processed 2420000/6988708 documents for embeddings
2025-08-05 23:25:23,463 [INFO] Processed 2430000/6988708 documents for embeddings
2025-08-05 23:25:45,734 [INFO] Processed 2440000/6988708 documents for embeddings
2025-08-05 23:26:06,221 [INFO] Processed 2450000/6988708 documents for embeddings
2025-08-05 23:26:26,073 [INFO] Processed 2460000/6988708 documents for embeddings
2025-08-05 23:26:47,450 [INFO] Processed 2470000/6988708 documents for embeddings
2025-08-05 23:27:08,876 [INFO] Processed 2480000/6988708 documents for embeddings
2025-08-05 23:27:29,730 [INFO] Processed 2490000/6988708 documents for embeddings
2025-08-05 23:27:51,167 [INFO] Processed 2500000/6988708 documents for embeddings
2025-08-05 23:28:12,900 [INFO] Processed 2510000/6988708 documents for embeddings
2025-08-05 23:28:34,024 [INFO] Processed 2520000/6988708 documents for embeddings
2025-08-05 23:28:54,540 [INFO] Processed 2530000/6988708 documents for embeddings
2025-08-05 23:29:14,561 [INFO] Processed 2540000/6988708 documents for embeddings
2025-08-05 23:29:36,100 [INFO] Processed 2550000/6988708 documents for embeddings
2025-08-05 23:29:57,242 [INFO] Processed 2560000/6988708 documents for embeddings
2025-08-05 23:30:18,114 [INFO] Processed 2570000/6988708 documents for embeddings
2025-08-05 23:30:38,288 [INFO] Processed 2580000/6988708 documents for embeddings
2025-08-05 23:30:59,651 [INFO] Processed 2590000/6988708 documents for embeddings
2025-08-05 23:31:21,688 [INFO] Processed 2600000/6988708 documents for embeddings
2025-08-05 23:31:43,548 [INFO] Processed 2610000/6988708 documents for embeddings
2025-08-05 23:32:04,919 [INFO] Processed 2620000/6988708 documents for embeddings
2025-08-05 23:32:25,741 [INFO] Processed 2630000/6988708 documents for embeddings
2025-08-05 23:32:46,503 [INFO] Processed 2640000/6988708 documents for embeddings
2025-08-05 23:33:06,843 [INFO] Processed 2650000/6988708 documents for embeddings
2025-08-05 23:33:26,988 [INFO] Processed 2660000/6988708 documents for embeddings
2025-08-05 23:33:47,521 [INFO] Processed 2670000/6988708 documents for embeddings
2025-08-05 23:34:07,962 [INFO] Processed 2680000/6988708 documents for embeddings
2025-08-05 23:34:28,885 [INFO] Processed 2690000/6988708 documents for embeddings
2025-08-05 23:34:48,226 [INFO] Processed 2700000/6988708 documents for embeddings
2025-08-05 23:35:09,301 [INFO] Processed 2710000/6988708 documents for embeddings
2025-08-05 23:35:30,041 [INFO] Processed 2720000/6988708 documents for embeddings
2025-08-05 23:35:52,011 [INFO] Processed 2730000/6988708 documents for embeddings
2025-08-05 23:36:13,389 [INFO] Processed 2740000/6988708 documents for embeddings
2025-08-05 23:36:33,729 [INFO] Processed 2750000/6988708 documents for embeddings
2025-08-05 23:36:55,095 [INFO] Processed 2760000/6988708 documents for embeddings
2025-08-05 23:37:16,261 [INFO] Processed 2770000/6988708 documents for embeddings
2025-08-05 23:37:37,066 [INFO] Processed 2780000/6988708 documents for embeddings
2025-08-05 23:37:57,235 [INFO] Processed 2790000/6988708 documents for embeddings
2025-08-05 23:38:18,208 [INFO] Processed 2800000/6988708 documents for embeddings
2025-08-05 23:38:38,387 [INFO] Processed 2810000/6988708 documents for embeddings
2025-08-05 23:38:59,129 [INFO] Processed 2820000/6988708 documents for embeddings
2025-08-05 23:39:20,499 [INFO] Processed 2830000/6988708 documents for embeddings
2025-08-05 23:39:41,419 [INFO] Processed 2840000/6988708 documents for embeddings
2025-08-05 23:40:03,235 [INFO] Processed 2850000/6988708 documents for embeddings
2025-08-05 23:40:25,006 [INFO] Processed 2860000/6988708 documents for embeddings
2025-08-05 23:40:46,902 [INFO] Processed 2870000/6988708 documents for embeddings
2025-08-05 23:41:07,403 [INFO] Processed 2880000/6988708 documents for embeddings
2025-08-05 23:41:27,430 [INFO] Processed 2890000/6988708 documents for embeddings
2025-08-05 23:41:48,184 [INFO] Processed 2900000/6988708 documents for embeddings
2025-08-05 23:42:08,765 [INFO] Processed 2910000/6988708 documents for embeddings
2025-08-05 23:42:29,977 [INFO] Processed 2920000/6988708 documents for embeddings
2025-08-05 23:42:50,373 [INFO] Processed 2930000/6988708 documents for embeddings
2025-08-05 23:43:11,364 [INFO] Processed 2940000/6988708 documents for embeddings
2025-08-05 23:43:32,731 [INFO] Processed 2950000/6988708 documents for embeddings
2025-08-05 23:43:54,418 [INFO] Processed 2960000/6988708 documents for embeddings
2025-08-05 23:44:14,663 [INFO] Processed 2970000/6988708 documents for embeddings
2025-08-05 23:44:35,382 [INFO] Processed 2980000/6988708 documents for embeddings
2025-08-05 23:44:57,096 [INFO] Processed 2990000/6988708 documents for embeddings
2025-08-05 23:45:18,013 [INFO] Processed 3000000/6988708 documents for embeddings
2025-08-05 23:45:38,563 [INFO] Processed 3010000/6988708 documents for embeddings
2025-08-05 23:46:00,124 [INFO] Processed 3020000/6988708 documents for embeddings
2025-08-05 23:46:19,632 [INFO] Processed 3030000/6988708 documents for embeddings
2025-08-05 23:46:41,469 [INFO] Processed 3040000/6988708 documents for embeddings
2025-08-05 23:47:02,279 [INFO] Processed 3050000/6988708 documents for embeddings
2025-08-05 23:47:23,048 [INFO] Processed 3060000/6988708 documents for embeddings
2025-08-05 23:47:43,533 [INFO] Processed 3070000/6988708 documents for embeddings
2025-08-05 23:48:04,259 [INFO] Processed 3080000/6988708 documents for embeddings
2025-08-05 23:48:24,995 [INFO] Processed 3090000/6988708 documents for embeddings
2025-08-05 23:48:45,473 [INFO] Processed 3100000/6988708 documents for embeddings
2025-08-05 23:49:06,558 [INFO] Processed 3110000/6988708 documents for embeddings
2025-08-05 23:49:28,161 [INFO] Processed 3120000/6988708 documents for embeddings
2025-08-05 23:49:49,333 [INFO] Processed 3130000/6988708 documents for embeddings
2025-08-05 23:50:09,847 [INFO] Processed 3140000/6988708 documents for embeddings
2025-08-05 23:50:30,293 [INFO] Processed 3150000/6988708 documents for embeddings
2025-08-05 23:50:50,234 [INFO] Processed 3160000/6988708 documents for embeddings
2025-08-05 23:51:11,360 [INFO] Processed 3170000/6988708 documents for embeddings
2025-08-05 23:51:32,330 [INFO] Processed 3180000/6988708 documents for embeddings
2025-08-05 23:51:53,029 [INFO] Processed 3190000/6988708 documents for embeddings
2025-08-05 23:52:14,000 [INFO] Processed 3200000/6988708 documents for embeddings
2025-08-05 23:52:35,949 [INFO] Processed 3210000/6988708 documents for embeddings
2025-08-05 23:52:56,082 [INFO] Processed 3220000/6988708 documents for embeddings
2025-08-05 23:53:17,509 [INFO] Processed 3230000/6988708 documents for embeddings
2025-08-05 23:53:39,049 [INFO] Processed 3240000/6988708 documents for embeddings
2025-08-05 23:53:59,687 [INFO] Processed 3250000/6988708 documents for embeddings
2025-08-05 23:54:20,580 [INFO] Processed 3260000/6988708 documents for embeddings
2025-08-05 23:54:40,413 [INFO] Processed 3270000/6988708 documents for embeddings
2025-08-05 23:55:01,839 [INFO] Processed 3280000/6988708 documents for embeddings
2025-08-05 23:55:22,745 [INFO] Processed 3290000/6988708 documents for embeddings
2025-08-05 23:55:43,719 [INFO] Processed 3300000/6988708 documents for embeddings
2025-08-05 23:56:04,673 [INFO] Processed 3310000/6988708 documents for embeddings
2025-08-05 23:56:26,355 [INFO] Processed 3320000/6988708 documents for embeddings
2025-08-05 23:56:46,638 [INFO] Processed 3330000/6988708 documents for embeddings
2025-08-05 23:57:07,548 [INFO] Processed 3340000/6988708 documents for embeddings
2025-08-05 23:57:28,687 [INFO] Processed 3350000/6988708 documents for embeddings
2025-08-05 23:57:48,837 [INFO] Processed 3360000/6988708 documents for embeddings
2025-08-05 23:58:09,315 [INFO] Processed 3370000/6988708 documents for embeddings
2025-08-05 23:58:31,504 [INFO] Processed 3380000/6988708 documents for embeddings
2025-08-05 23:58:51,993 [INFO] Processed 3390000/6988708 documents for embeddings
2025-08-05 23:59:13,318 [INFO] Processed 3400000/6988708 documents for embeddings
2025-08-05 23:59:34,321 [INFO] Processed 3410000/6988708 documents for embeddings
2025-08-05 23:59:54,840 [INFO] Processed 3420000/6988708 documents for embeddings
2025-08-06 00:00:16,571 [INFO] Processed 3430000/6988708 documents for embeddings
2025-08-06 00:00:37,520 [INFO] Processed 3440000/6988708 documents for embeddings
2025-08-06 00:00:58,955 [INFO] Processed 3450000/6988708 documents for embeddings
2025-08-06 00:01:20,359 [INFO] Processed 3460000/6988708 documents for embeddings
2025-08-06 00:01:41,096 [INFO] Processed 3470000/6988708 documents for embeddings
2025-08-06 00:02:00,913 [INFO] Processed 3480000/6988708 documents for embeddings
2025-08-06 00:02:22,121 [INFO] Processed 3490000/6988708 documents for embeddings
2025-08-06 00:02:43,217 [INFO] Processed 3500000/6988708 documents for embeddings
2025-08-06 00:03:05,439 [INFO] Processed 3510000/6988708 documents for embeddings
2025-08-06 00:03:27,190 [INFO] Processed 3520000/6988708 documents for embeddings
2025-08-06 00:03:48,893 [INFO] Processed 3530000/6988708 documents for embeddings
2025-08-06 00:04:09,960 [INFO] Processed 3540000/6988708 documents for embeddings
2025-08-06 00:04:31,320 [INFO] Processed 3550000/6988708 documents for embeddings
2025-08-06 00:04:52,386 [INFO] Processed 3560000/6988708 documents for embeddings
2025-08-06 00:05:13,308 [INFO] Processed 3570000/6988708 documents for embeddings
2025-08-06 00:05:34,190 [INFO] Processed 3580000/6988708 documents for embeddings
2025-08-06 00:05:54,798 [INFO] Processed 3590000/6988708 documents for embeddings
2025-08-06 00:06:15,621 [INFO] Processed 3600000/6988708 documents for embeddings
2025-08-06 00:06:36,344 [INFO] Processed 3610000/6988708 documents for embeddings
2025-08-06 00:06:57,221 [INFO] Processed 3620000/6988708 documents for embeddings
2025-08-06 00:07:18,977 [INFO] Processed 3630000/6988708 documents for embeddings
2025-08-06 00:07:41,176 [INFO] Processed 3640000/6988708 documents for embeddings
2025-08-06 00:08:03,615 [INFO] Processed 3650000/6988708 documents for embeddings
2025-08-06 00:08:27,936 [INFO] Processed 3660000/6988708 documents for embeddings
2025-08-06 00:08:47,964 [INFO] Processed 3670000/6988708 documents for embeddings
2025-08-06 00:09:08,972 [INFO] Processed 3680000/6988708 documents for embeddings
2025-08-06 00:09:29,194 [INFO] Processed 3690000/6988708 documents for embeddings
2025-08-06 00:09:49,486 [INFO] Processed 3700000/6988708 documents for embeddings
2025-08-06 00:10:10,502 [INFO] Processed 3710000/6988708 documents for embeddings
2025-08-06 00:10:31,148 [INFO] Processed 3720000/6988708 documents for embeddings
2025-08-06 00:10:51,919 [INFO] Processed 3730000/6988708 documents for embeddings
2025-08-06 00:11:12,142 [INFO] Processed 3740000/6988708 documents for embeddings
2025-08-06 00:11:33,383 [INFO] Processed 3750000/6988708 documents for embeddings
2025-08-06 00:11:53,430 [INFO] Processed 3760000/6988708 documents for embeddings
2025-08-06 00:12:14,435 [INFO] Processed 3770000/6988708 documents for embeddings
2025-08-06 00:12:26,940 [INFO] Processed 3780000/6988708 documents for embeddings
2025-08-06 00:12:39,238 [INFO] Processed 3790000/6988708 documents for embeddings
2025-08-06 00:12:51,105 [INFO] Processed 3800000/6988708 documents for embeddings
2025-08-06 00:13:03,058 [INFO] Processed 3810000/6988708 documents for embeddings
2025-08-06 00:13:15,085 [INFO] Processed 3820000/6988708 documents for embeddings
2025-08-06 00:13:26,999 [INFO] Processed 3830000/6988708 documents for embeddings
2025-08-06 00:13:38,879 [INFO] Processed 3840000/6988708 documents for embeddings
2025-08-06 00:13:50,794 [INFO] Processed 3850000/6988708 documents for embeddings
2025-08-06 00:14:02,686 [INFO] Processed 3860000/6988708 documents for embeddings
2025-08-06 00:14:14,468 [INFO] Processed 3870000/6988708 documents for embeddings
2025-08-06 00:14:26,444 [INFO] Processed 3880000/6988708 documents for embeddings
2025-08-06 00:14:38,322 [INFO] Processed 3890000/6988708 documents for embeddings
2025-08-06 00:14:50,550 [INFO] Processed 3900000/6988708 documents for embeddings
2025-08-06 00:15:02,367 [INFO] Processed 3910000/6988708 documents for embeddings
2025-08-06 00:15:14,061 [INFO] Processed 3920000/6988708 documents for embeddings
2025-08-06 00:15:26,017 [INFO] Processed 3930000/6988708 documents for embeddings
2025-08-06 00:15:37,975 [INFO] Processed 3940000/6988708 documents for embeddings
2025-08-06 00:15:49,805 [INFO] Processed 3950000/6988708 documents for embeddings
2025-08-06 00:16:01,576 [INFO] Processed 3960000/6988708 documents for embeddings
2025-08-06 00:16:13,354 [INFO] Processed 3970000/6988708 documents for embeddings
2025-08-06 00:16:25,223 [INFO] Processed 3980000/6988708 documents for embeddings
2025-08-06 00:16:37,211 [INFO] Processed 3990000/6988708 documents for embeddings
2025-08-06 00:16:49,123 [INFO] Processed 4000000/6988708 documents for embeddings
2025-08-06 00:17:01,086 [INFO] Processed 4010000/6988708 documents for embeddings
2025-08-06 00:17:13,206 [INFO] Processed 4020000/6988708 documents for embeddings
2025-08-06 00:17:25,436 [INFO] Processed 4030000/6988708 documents for embeddings
2025-08-06 00:17:37,484 [INFO] Processed 4040000/6988708 documents for embeddings
2025-08-06 00:17:49,450 [INFO] Processed 4050000/6988708 documents for embeddings
2025-08-06 00:18:01,401 [INFO] Processed 4060000/6988708 documents for embeddings
2025-08-06 00:18:13,461 [INFO] Processed 4070000/6988708 documents for embeddings
2025-08-06 00:18:25,761 [INFO] Processed 4080000/6988708 documents for embeddings
2025-08-06 00:18:37,604 [INFO] Processed 4090000/6988708 documents for embeddings
2025-08-06 00:18:49,328 [INFO] Processed 4100000/6988708 documents for embeddings
2025-08-06 00:19:01,255 [INFO] Processed 4110000/6988708 documents for embeddings
2025-08-06 00:19:13,197 [INFO] Processed 4120000/6988708 documents for embeddings
2025-08-06 00:19:25,146 [INFO] Processed 4130000/6988708 documents for embeddings
2025-08-06 00:19:36,878 [INFO] Processed 4140000/6988708 documents for embeddings
2025-08-06 00:19:48,812 [INFO] Processed 4150000/6988708 documents for embeddings
2025-08-06 00:20:01,018 [INFO] Processed 4160000/6988708 documents for embeddings
2025-08-06 00:20:12,745 [INFO] Processed 4170000/6988708 documents for embeddings
2025-08-06 00:20:24,656 [INFO] Processed 4180000/6988708 documents for embeddings
2025-08-06 00:20:36,551 [INFO] Processed 4190000/6988708 documents for embeddings
2025-08-06 00:20:48,487 [INFO] Processed 4200000/6988708 documents for embeddings
2025-08-06 00:21:00,542 [INFO] Processed 4210000/6988708 documents for embeddings
2025-08-06 00:21:12,400 [INFO] Processed 4220000/6988708 documents for embeddings
2025-08-06 00:21:24,365 [INFO] Processed 4230000/6988708 documents for embeddings
2025-08-06 00:21:36,494 [INFO] Processed 4240000/6988708 documents for embeddings
2025-08-06 00:21:48,396 [INFO] Processed 4250000/6988708 documents for embeddings
2025-08-06 00:22:00,429 [INFO] Processed 4260000/6988708 documents for embeddings
2025-08-06 00:22:12,249 [INFO] Processed 4270000/6988708 documents for embeddings
2025-08-06 00:22:24,121 [INFO] Processed 4280000/6988708 documents for embeddings
2025-08-06 00:22:36,392 [INFO] Processed 4290000/6988708 documents for embeddings
2025-08-06 00:22:48,382 [INFO] Processed 4300000/6988708 documents for embeddings
2025-08-06 00:23:00,356 [INFO] Processed 4310000/6988708 documents for embeddings
2025-08-06 00:23:12,304 [INFO] Processed 4320000/6988708 documents for embeddings
2025-08-06 00:23:24,188 [INFO] Processed 4330000/6988708 documents for embeddings
2025-08-06 00:23:36,211 [INFO] Processed 4340000/6988708 documents for embeddings
2025-08-06 00:23:48,334 [INFO] Processed 4350000/6988708 documents for embeddings
2025-08-06 00:24:00,350 [INFO] Processed 4360000/6988708 documents for embeddings
2025-08-06 00:24:12,292 [INFO] Processed 4370000/6988708 documents for embeddings
2025-08-06 00:24:24,155 [INFO] Processed 4380000/6988708 documents for embeddings
2025-08-06 00:24:36,036 [INFO] Processed 4390000/6988708 documents for embeddings
2025-08-06 00:24:48,203 [INFO] Processed 4400000/6988708 documents for embeddings
2025-08-06 00:25:00,289 [INFO] Processed 4410000/6988708 documents for embeddings
2025-08-06 00:25:12,514 [INFO] Processed 4420000/6988708 documents for embeddings
2025-08-06 00:25:24,666 [INFO] Processed 4430000/6988708 documents for embeddings
2025-08-06 00:25:36,704 [INFO] Processed 4440000/6988708 documents for embeddings
2025-08-06 00:25:48,778 [INFO] Processed 4450000/6988708 documents for embeddings
2025-08-06 00:26:00,686 [INFO] Processed 4460000/6988708 documents for embeddings
2025-08-06 00:26:12,592 [INFO] Processed 4470000/6988708 documents for embeddings
2025-08-06 00:26:24,707 [INFO] Processed 4480000/6988708 documents for embeddings
2025-08-06 00:26:36,639 [INFO] Processed 4490000/6988708 documents for embeddings
2025-08-06 00:26:48,546 [INFO] Processed 4500000/6988708 documents for embeddings
2025-08-06 00:27:00,420 [INFO] Processed 4510000/6988708 documents for embeddings
2025-08-06 00:27:12,375 [INFO] Processed 4520000/6988708 documents for embeddings
2025-08-06 00:27:24,332 [INFO] Processed 4530000/6988708 documents for embeddings
2025-08-06 00:27:36,665 [INFO] Processed 4540000/6988708 documents for embeddings
2025-08-06 00:27:48,569 [INFO] Processed 4550000/6988708 documents for embeddings
2025-08-06 00:28:00,478 [INFO] Processed 4560000/6988708 documents for embeddings
2025-08-06 00:28:12,329 [INFO] Processed 4570000/6988708 documents for embeddings
2025-08-06 00:28:24,223 [INFO] Processed 4580000/6988708 documents for embeddings
2025-08-06 00:28:35,994 [INFO] Processed 4590000/6988708 documents for embeddings
2025-08-06 00:28:47,726 [INFO] Processed 4600000/6988708 documents for embeddings
2025-08-06 00:28:59,567 [INFO] Processed 4610000/6988708 documents for embeddings
2025-08-06 00:29:11,413 [INFO] Processed 4620000/6988708 documents for embeddings
2025-08-06 00:29:23,235 [INFO] Processed 4630000/6988708 documents for embeddings
2025-08-06 00:29:35,253 [INFO] Processed 4640000/6988708 documents for embeddings
2025-08-06 00:29:47,326 [INFO] Processed 4650000/6988708 documents for embeddings
2025-08-06 00:29:59,363 [INFO] Processed 4660000/6988708 documents for embeddings
2025-08-06 00:30:11,656 [INFO] Processed 4670000/6988708 documents for embeddings
2025-08-06 00:30:23,473 [INFO] Processed 4680000/6988708 documents for embeddings
2025-08-06 00:30:35,371 [INFO] Processed 4690000/6988708 documents for embeddings
2025-08-06 00:30:47,358 [INFO] Processed 4700000/6988708 documents for embeddings
2025-08-06 00:30:59,106 [INFO] Processed 4710000/6988708 documents for embeddings
2025-08-06 00:31:11,112 [INFO] Processed 4720000/6988708 documents for embeddings
2025-08-06 00:31:23,085 [INFO] Processed 4730000/6988708 documents for embeddings
2025-08-06 00:31:34,930 [INFO] Processed 4740000/6988708 documents for embeddings
2025-08-06 00:31:47,116 [INFO] Processed 4750000/6988708 documents for embeddings
2025-08-06 00:31:59,055 [INFO] Processed 4760000/6988708 documents for embeddings
2025-08-06 00:32:11,039 [INFO] Processed 4770000/6988708 documents for embeddings
2025-08-06 00:32:22,950 [INFO] Processed 4780000/6988708 documents for embeddings
2025-08-06 00:32:34,861 [INFO] Processed 4790000/6988708 documents for embeddings
2025-08-06 00:32:47,508 [INFO] Processed 4800000/6988708 documents for embeddings
2025-08-06 00:32:59,417 [INFO] Processed 4810000/6988708 documents for embeddings
2025-08-06 00:33:11,534 [INFO] Processed 4820000/6988708 documents for embeddings
2025-08-06 00:33:23,508 [INFO] Processed 4830000/6988708 documents for embeddings
2025-08-06 00:33:35,496 [INFO] Processed 4840000/6988708 documents for embeddings
2025-08-06 00:33:47,446 [INFO] Processed 4850000/6988708 documents for embeddings
2025-08-06 00:33:59,444 [INFO] Processed 4860000/6988708 documents for embeddings
2025-08-06 00:34:11,670 [INFO] Processed 4870000/6988708 documents for embeddings
2025-08-06 00:34:23,651 [INFO] Processed 4880000/6988708 documents for embeddings
2025-08-06 00:34:35,513 [INFO] Processed 4890000/6988708 documents for embeddings
2025-08-06 00:34:47,402 [INFO] Processed 4900000/6988708 documents for embeddings
2025-08-06 00:34:59,310 [INFO] Processed 4910000/6988708 documents for embeddings
2025-08-06 00:35:11,355 [INFO] Processed 4920000/6988708 documents for embeddings
2025-08-06 00:35:23,569 [INFO] Processed 4930000/6988708 documents for embeddings
2025-08-06 00:35:35,370 [INFO] Processed 4940000/6988708 documents for embeddings
2025-08-06 00:35:47,334 [INFO] Processed 4950000/6988708 documents for embeddings
2025-08-06 00:35:59,212 [INFO] Processed 4960000/6988708 documents for embeddings
2025-08-06 00:36:10,992 [INFO] Processed 4970000/6988708 documents for embeddings
2025-08-06 00:36:23,003 [INFO] Processed 4980000/6988708 documents for embeddings
2025-08-06 00:36:35,116 [INFO] Processed 4990000/6988708 documents for embeddings
2025-08-06 00:36:46,965 [INFO] Processed 5000000/6988708 documents for embeddings
2025-08-06 00:36:58,991 [INFO] Processed 5010000/6988708 documents for embeddings
2025-08-06 00:37:10,944 [INFO] Processed 5020000/6988708 documents for embeddings
2025-08-06 00:37:22,853 [INFO] Processed 5030000/6988708 documents for embeddings
2025-08-06 00:37:34,760 [INFO] Processed 5040000/6988708 documents for embeddings
2025-08-06 00:37:46,856 [INFO] Processed 5050000/6988708 documents for embeddings
2025-08-06 00:37:59,113 [INFO] Processed 5060000/6988708 documents for embeddings
2025-08-06 00:38:11,250 [INFO] Processed 5070000/6988708 documents for embeddings
2025-08-06 00:38:23,263 [INFO] Processed 5080000/6988708 documents for embeddings
2025-08-06 00:38:35,198 [INFO] Processed 5090000/6988708 documents for embeddings
2025-08-06 00:38:47,137 [INFO] Processed 5100000/6988708 documents for embeddings
2025-08-06 00:38:59,092 [INFO] Processed 5110000/6988708 documents for embeddings
2025-08-06 00:39:10,942 [INFO] Processed 5120000/6988708 documents for embeddings
2025-08-06 00:39:22,955 [INFO] Processed 5130000/6988708 documents for embeddings
2025-08-06 00:39:34,869 [INFO] Processed 5140000/6988708 documents for embeddings
2025-08-06 00:39:46,820 [INFO] Processed 5150000/6988708 documents for embeddings
2025-08-06 00:39:58,574 [INFO] Processed 5160000/6988708 documents for embeddings
2025-08-06 00:40:10,274 [INFO] Processed 5170000/6988708 documents for embeddings
2025-08-06 00:40:22,309 [INFO] Processed 5180000/6988708 documents for embeddings
2025-08-06 00:40:34,344 [INFO] Processed 5190000/6988708 documents for embeddings
2025-08-06 00:40:46,286 [INFO] Processed 5200000/6988708 documents for embeddings
2025-08-06 00:40:58,173 [INFO] Processed 5210000/6988708 documents for embeddings
2025-08-06 00:41:10,150 [INFO] Processed 5220000/6988708 documents for embeddings
2025-08-06 00:41:22,113 [INFO] Processed 5230000/6988708 documents for embeddings
2025-08-06 00:41:34,038 [INFO] Processed 5240000/6988708 documents for embeddings
2025-08-06 00:41:46,058 [INFO] Processed 5250000/6988708 documents for embeddings
2025-08-06 00:41:58,136 [INFO] Processed 5260000/6988708 documents for embeddings
2025-08-06 00:42:09,922 [INFO] Processed 5270000/6988708 documents for embeddings
2025-08-06 00:42:22,046 [INFO] Processed 5280000/6988708 documents for embeddings
2025-08-06 00:42:34,032 [INFO] Processed 5290000/6988708 documents for embeddings
2025-08-06 00:42:45,959 [INFO] Processed 5300000/6988708 documents for embeddings
2025-08-06 00:42:57,872 [INFO] Processed 5310000/6988708 documents for embeddings
2025-08-06 00:43:10,041 [INFO] Processed 5320000/6988708 documents for embeddings
2025-08-06 00:43:21,922 [INFO] Processed 5330000/6988708 documents for embeddings
2025-08-06 00:43:33,877 [INFO] Processed 5340000/6988708 documents for embeddings
2025-08-06 00:43:45,785 [INFO] Processed 5350000/6988708 documents for embeddings
2025-08-06 00:43:57,792 [INFO] Processed 5360000/6988708 documents for embeddings
2025-08-06 00:44:09,837 [INFO] Processed 5370000/6988708 documents for embeddings
2025-08-06 00:44:21,930 [INFO] Processed 5380000/6988708 documents for embeddings
2025-08-06 00:44:33,863 [INFO] Processed 5390000/6988708 documents for embeddings
2025-08-06 00:44:45,651 [INFO] Processed 5400000/6988708 documents for embeddings
2025-08-06 00:44:57,672 [INFO] Processed 5410000/6988708 documents for embeddings
2025-08-06 00:45:09,710 [INFO] Processed 5420000/6988708 documents for embeddings
2025-08-06 00:45:21,772 [INFO] Processed 5430000/6988708 documents for embeddings
2025-08-06 00:45:33,849 [INFO] Processed 5440000/6988708 documents for embeddings
2025-08-06 00:45:46,447 [INFO] Processed 5450000/6988708 documents for embeddings
2025-08-06 00:45:58,426 [INFO] Processed 5460000/6988708 documents for embeddings
2025-08-06 00:46:10,324 [INFO] Processed 5470000/6988708 documents for embeddings
2025-08-06 00:46:22,400 [INFO] Processed 5480000/6988708 documents for embeddings
2025-08-06 00:46:34,401 [INFO] Processed 5490000/6988708 documents for embeddings
2025-08-06 00:46:46,307 [INFO] Processed 5500000/6988708 documents for embeddings
2025-08-06 00:46:58,237 [INFO] Processed 5510000/6988708 documents for embeddings
2025-08-06 00:47:10,394 [INFO] Processed 5520000/6988708 documents for embeddings
2025-08-06 00:47:22,512 [INFO] Processed 5530000/6988708 documents for embeddings
2025-08-06 00:47:34,419 [INFO] Processed 5540000/6988708 documents for embeddings
2025-08-06 00:47:46,273 [INFO] Processed 5550000/6988708 documents for embeddings
2025-08-06 00:47:58,337 [INFO] Processed 5560000/6988708 documents for embeddings
2025-08-06 00:48:10,275 [INFO] Processed 5570000/6988708 documents for embeddings
2025-08-06 00:48:22,442 [INFO] Processed 5580000/6988708 documents for embeddings
2025-08-06 00:48:34,602 [INFO] Processed 5590000/6988708 documents for embeddings
2025-08-06 00:48:46,591 [INFO] Processed 5600000/6988708 documents for embeddings
2025-08-06 00:48:58,370 [INFO] Processed 5610000/6988708 documents for embeddings
2025-08-06 00:49:10,380 [INFO] Processed 5620000/6988708 documents for embeddings
2025-08-06 00:49:22,318 [INFO] Processed 5630000/6988708 documents for embeddings
2025-08-06 00:49:34,299 [INFO] Processed 5640000/6988708 documents for embeddings
2025-08-06 00:49:46,254 [INFO] Processed 5650000/6988708 documents for embeddings
2025-08-06 00:49:58,103 [INFO] Processed 5660000/6988708 documents for embeddings
2025-08-06 00:50:10,174 [INFO] Processed 5670000/6988708 documents for embeddings
2025-08-06 00:50:22,175 [INFO] Processed 5680000/6988708 documents for embeddings
2025-08-06 00:50:34,036 [INFO] Processed 5690000/6988708 documents for embeddings
2025-08-06 00:50:45,968 [INFO] Processed 5700000/6988708 documents for embeddings
2025-08-06 00:50:57,995 [INFO] Processed 5710000/6988708 documents for embeddings
2025-08-06 00:51:09,929 [INFO] Processed 5720000/6988708 documents for embeddings
2025-08-06 00:51:21,774 [INFO] Processed 5730000/6988708 documents for embeddings
2025-08-06 00:51:33,932 [INFO] Processed 5740000/6988708 documents for embeddings
2025-08-06 00:51:45,880 [INFO] Processed 5750000/6988708 documents for embeddings
2025-08-06 00:51:57,834 [INFO] Processed 5760000/6988708 documents for embeddings
2025-08-06 00:52:09,720 [INFO] Processed 5770000/6988708 documents for embeddings
2025-08-06 00:52:21,671 [INFO] Processed 5780000/6988708 documents for embeddings
2025-08-06 00:52:33,653 [INFO] Processed 5790000/6988708 documents for embeddings
2025-08-06 00:52:45,826 [INFO] Processed 5800000/6988708 documents for embeddings
2025-08-06 00:52:57,774 [INFO] Processed 5810000/6988708 documents for embeddings
2025-08-06 00:53:09,669 [INFO] Processed 5820000/6988708 documents for embeddings
2025-08-06 00:53:21,806 [INFO] Processed 5830000/6988708 documents for embeddings
2025-08-06 00:53:34,024 [INFO] Processed 5840000/6988708 documents for embeddings
2025-08-06 00:53:45,888 [INFO] Processed 5850000/6988708 documents for embeddings
2025-08-06 00:53:57,606 [INFO] Processed 5860000/6988708 documents for embeddings
2025-08-06 00:54:09,657 [INFO] Processed 5870000/6988708 documents for embeddings
2025-08-06 00:54:21,588 [INFO] Processed 5880000/6988708 documents for embeddings
2025-08-06 00:54:33,687 [INFO] Processed 5890000/6988708 documents for embeddings
2025-08-06 00:54:45,571 [INFO] Processed 5900000/6988708 documents for embeddings
2025-08-06 00:54:57,533 [INFO] Processed 5910000/6988708 documents for embeddings
2025-08-06 00:55:09,464 [INFO] Processed 5920000/6988708 documents for embeddings
2025-08-06 00:55:21,585 [INFO] Processed 5930000/6988708 documents for embeddings
2025-08-06 00:55:33,338 [INFO] Processed 5940000/6988708 documents for embeddings
2025-08-06 00:55:45,391 [INFO] Processed 5950000/6988708 documents for embeddings
2025-08-06 00:55:57,385 [INFO] Processed 5960000/6988708 documents for embeddings
2025-08-06 00:56:09,771 [INFO] Processed 5970000/6988708 documents for embeddings
2025-08-06 00:56:21,638 [INFO] Processed 5980000/6988708 documents for embeddings
2025-08-06 00:56:33,559 [INFO] Processed 5990000/6988708 documents for embeddings
2025-08-06 00:56:45,747 [INFO] Processed 6000000/6988708 documents for embeddings
2025-08-06 00:56:57,992 [INFO] Processed 6010000/6988708 documents for embeddings
2025-08-06 00:57:10,299 [INFO] Processed 6020000/6988708 documents for embeddings
2025-08-06 00:57:22,284 [INFO] Processed 6030000/6988708 documents for embeddings
2025-08-06 00:57:34,754 [INFO] Processed 6040000/6988708 documents for embeddings
2025-08-06 00:57:47,138 [INFO] Processed 6050000/6988708 documents for embeddings
2025-08-06 00:57:59,682 [INFO] Processed 6060000/6988708 documents for embeddings
2025-08-06 00:58:12,114 [INFO] Processed 6070000/6988708 documents for embeddings
2025-08-06 00:58:24,459 [INFO] Processed 6080000/6988708 documents for embeddings
2025-08-06 00:58:36,784 [INFO] Processed 6090000/6988708 documents for embeddings
2025-08-06 00:58:49,319 [INFO] Processed 6100000/6988708 documents for embeddings
2025-08-06 00:59:01,379 [INFO] Processed 6110000/6988708 documents for embeddings
2025-08-06 00:59:13,517 [INFO] Processed 6120000/6988708 documents for embeddings
2025-08-06 00:59:25,820 [INFO] Processed 6130000/6988708 documents for embeddings
2025-08-06 00:59:38,085 [INFO] Processed 6140000/6988708 documents for embeddings
2025-08-06 00:59:50,399 [INFO] Processed 6150000/6988708 documents for embeddings
2025-08-06 01:00:02,634 [INFO] Processed 6160000/6988708 documents for embeddings
2025-08-06 01:00:14,945 [INFO] Processed 6170000/6988708 documents for embeddings
2025-08-06 01:00:27,086 [INFO] Processed 6180000/6988708 documents for embeddings
2025-08-06 01:00:39,051 [INFO] Processed 6190000/6988708 documents for embeddings
2025-08-06 01:00:50,879 [INFO] Processed 6200000/6988708 documents for embeddings
2025-08-06 01:01:02,847 [INFO] Processed 6210000/6988708 documents for embeddings
2025-08-06 01:01:14,822 [INFO] Processed 6220000/6988708 documents for embeddings
2025-08-06 01:01:27,106 [INFO] Processed 6230000/6988708 documents for embeddings
2025-08-06 01:01:39,089 [INFO] Processed 6240000/6988708 documents for embeddings
2025-08-06 01:01:51,188 [INFO] Processed 6250000/6988708 documents for embeddings
2025-08-06 01:02:03,320 [INFO] Processed 6260000/6988708 documents for embeddings
2025-08-06 01:02:15,527 [INFO] Processed 6270000/6988708 documents for embeddings
2025-08-06 01:02:27,463 [INFO] Processed 6280000/6988708 documents for embeddings
2025-08-06 01:02:39,462 [INFO] Processed 6290000/6988708 documents for embeddings
2025-08-06 01:02:51,730 [INFO] Processed 6300000/6988708 documents for embeddings
2025-08-06 01:03:03,703 [INFO] Processed 6310000/6988708 documents for embeddings
2025-08-06 01:03:15,575 [INFO] Processed 6320000/6988708 documents for embeddings
2025-08-06 01:03:27,370 [INFO] Processed 6330000/6988708 documents for embeddings
2025-08-06 01:03:39,285 [INFO] Processed 6340000/6988708 documents for embeddings
2025-08-06 01:03:51,062 [INFO] Processed 6350000/6988708 documents for embeddings
2025-08-06 01:04:03,233 [INFO] Processed 6360000/6988708 documents for embeddings
2025-08-06 01:04:15,326 [INFO] Processed 6370000/6988708 documents for embeddings
2025-08-06 01:04:27,325 [INFO] Processed 6380000/6988708 documents for embeddings
2025-08-06 01:04:39,006 [INFO] Processed 6390000/6988708 documents for embeddings
2025-08-06 01:04:50,863 [INFO] Processed 6400000/6988708 documents for embeddings
2025-08-06 01:05:02,790 [INFO] Processed 6410000/6988708 documents for embeddings
2025-08-06 01:05:14,560 [INFO] Processed 6420000/6988708 documents for embeddings
2025-08-06 01:05:26,736 [INFO] Processed 6430000/6988708 documents for embeddings
2025-08-06 01:05:38,712 [INFO] Processed 6440000/6988708 documents for embeddings
2025-08-06 01:05:50,692 [INFO] Processed 6450000/6988708 documents for embeddings
2025-08-06 01:06:02,514 [INFO] Processed 6460000/6988708 documents for embeddings
2025-08-06 01:06:14,485 [INFO] Processed 6470000/6988708 documents for embeddings
2025-08-06 01:06:26,373 [INFO] Processed 6480000/6988708 documents for embeddings
2025-08-06 01:06:38,583 [INFO] Processed 6490000/6988708 documents for embeddings
2025-08-06 01:06:50,654 [INFO] Processed 6500000/6988708 documents for embeddings
2025-08-06 01:07:02,608 [INFO] Processed 6510000/6988708 documents for embeddings
2025-08-06 01:07:14,588 [INFO] Processed 6520000/6988708 documents for embeddings
2025-08-06 01:07:26,522 [INFO] Processed 6530000/6988708 documents for embeddings
2025-08-06 01:07:38,408 [INFO] Processed 6540000/6988708 documents for embeddings
2025-08-06 01:07:50,367 [INFO] Processed 6550000/6988708 documents for embeddings
2025-08-06 01:08:02,269 [INFO] Processed 6560000/6988708 documents for embeddings
2025-08-06 01:08:14,160 [INFO] Processed 6570000/6988708 documents for embeddings
2025-08-06 01:08:26,201 [INFO] Processed 6580000/6988708 documents for embeddings
2025-08-06 01:08:37,981 [INFO] Processed 6590000/6988708 documents for embeddings
2025-08-06 01:08:49,956 [INFO] Processed 6600000/6988708 documents for embeddings
2025-08-06 01:09:01,819 [INFO] Processed 6610000/6988708 documents for embeddings
2025-08-06 01:09:14,081 [INFO] Processed 6620000/6988708 documents for embeddings
2025-08-06 01:09:26,106 [INFO] Processed 6630000/6988708 documents for embeddings
2025-08-06 01:09:38,039 [INFO] Processed 6640000/6988708 documents for embeddings
2025-08-06 01:09:50,159 [INFO] Processed 6650000/6988708 documents for embeddings
2025-08-06 01:10:02,220 [INFO] Processed 6660000/6988708 documents for embeddings
2025-08-06 01:10:14,216 [INFO] Processed 6670000/6988708 documents for embeddings
2025-08-06 01:10:26,401 [INFO] Processed 6680000/6988708 documents for embeddings
2025-08-06 01:10:38,129 [INFO] Processed 6690000/6988708 documents for embeddings
2025-08-06 01:10:50,122 [INFO] Processed 6700000/6988708 documents for embeddings
2025-08-06 01:11:02,033 [INFO] Processed 6710000/6988708 documents for embeddings
2025-08-06 01:11:13,908 [INFO] Processed 6720000/6988708 documents for embeddings
2025-08-06 01:11:25,876 [INFO] Processed 6730000/6988708 documents for embeddings
2025-08-06 01:11:37,750 [INFO] Processed 6740000/6988708 documents for embeddings
2025-08-06 01:11:49,961 [INFO] Processed 6750000/6988708 documents for embeddings
2025-08-06 01:12:01,864 [INFO] Processed 6760000/6988708 documents for embeddings
2025-08-06 01:12:13,759 [INFO] Processed 6770000/6988708 documents for embeddings
2025-08-06 01:12:25,863 [INFO] Processed 6780000/6988708 documents for embeddings
2025-08-06 01:12:37,921 [INFO] Processed 6790000/6988708 documents for embeddings
2025-08-06 01:12:50,079 [INFO] Processed 6800000/6988708 documents for embeddings
2025-08-06 01:13:02,398 [INFO] Processed 6810000/6988708 documents for embeddings
2025-08-06 01:13:14,681 [INFO] Processed 6820000/6988708 documents for embeddings
2025-08-06 01:13:26,702 [INFO] Processed 6830000/6988708 documents for embeddings
2025-08-06 01:13:38,877 [INFO] Processed 6840000/6988708 documents for embeddings
2025-08-06 01:13:51,289 [INFO] Processed 6850000/6988708 documents for embeddings
2025-08-06 01:14:03,992 [INFO] Processed 6860000/6988708 documents for embeddings
2025-08-06 01:14:16,791 [INFO] Processed 6870000/6988708 documents for embeddings
2025-08-06 01:14:29,973 [INFO] Processed 6880000/6988708 documents for embeddings
2025-08-06 01:14:42,796 [INFO] Processed 6890000/6988708 documents for embeddings
2025-08-06 01:14:55,565 [INFO] Processed 6900000/6988708 documents for embeddings
2025-08-06 01:15:08,616 [INFO] Processed 6910000/6988708 documents for embeddings
2025-08-06 01:15:21,406 [INFO] Processed 6920000/6988708 documents for embeddings
2025-08-06 01:15:34,118 [INFO] Processed 6930000/6988708 documents for embeddings
2025-08-06 01:15:46,633 [INFO] Processed 6940000/6988708 documents for embeddings
2025-08-06 01:15:58,585 [INFO] Processed 6950000/6988708 documents for embeddings
2025-08-06 01:16:10,612 [INFO] Processed 6960000/6988708 documents for embeddings
2025-08-06 01:16:22,382 [INFO] Processed 6970000/6988708 documents for embeddings
2025-08-06 01:16:34,379 [INFO] Processed 6980000/6988708 documents for embeddings
2025-08-06 01:16:47,782 [INFO] Computing VADER scores...
2025-08-06 01:16:47,783 [INFO] Initializing VADER
2025-08-06 01:16:47,839 [INFO] VADER scoring 6988708 texts with 16 cores...
2025-08-06 01:23:09,819 [INFO] VADER scored 6988708 texts in 382.0s
2025-08-06 01:23:11,488 [INFO] Feature sentiment: mean=0.637, std=0.566
2025-08-06 01:23:11,506 [INFO] Feature text_length: mean=567.794, std=527.285
2025-08-06 01:23:11,525 [INFO] Feature kw_delivery: mean=0.022, std=0.214
2025-08-06 01:23:11,541 [INFO] Feature kw_service: mean=0.332, std=0.630
2025-08-06 01:23:11,562 [INFO] Feature kw_price: mean=0.073, std=0.314
2025-08-06 01:23:11,580 [INFO] Feature user_avg_3m: mean=3.743, std=1.303
2025-08-06 01:23:11,599 [INFO] Feature user_avg_6m: mean=3.743, std=1.268
2025-08-06 01:23:11,619 [INFO] Feature user_avg_12m: mean=3.743, std=1.228
2025-08-06 01:23:32,624 [INFO] Final feature matrix: (6988708, 109)
2025-08-06 01:23:32,642 [INFO] Caching final features to outputs\preprocessed_v2.npz
2025-08-06 01:24:10,320 [INFO] Final feature matrix shape: (6988708, 109)
2025-08-06 01:24:10,321 [INFO] Step 2: Train/test split
2025-08-06 01:24:13,529 [INFO] Train set: 5590966 samples, 67.0% positive
2025-08-06 01:24:13,529 [INFO] Test set: 1397742 samples, 67.0% positive
2025-08-06 01:24:13,529 [INFO] Step 3: Hyperparameter optimization
2025-08-06 01:24:13,529 [INFO] Hyperparameter search on 2000000 samples
2025-08-06 03:30:00,171 [INFO] Best parameters: {'clf__estimator__C': np.float64(0.01052176186845113), 'clf__estimator__penalty': 'l1', 'clf__estimator__solver': 'saga'}
2025-08-06 03:30:00,178 [INFO] Best CV score: 0.963
2025-08-06 03:30:00,290 [INFO] Step 4: Training diverse ensemble with proper data isolation
2025-08-06 03:30:00,290 [INFO] Training diverse ensemble with proper data isolation...
2025-08-06 03:30:00,295 [INFO] Training logistic...
2025-08-06 03:32:22,403 [INFO] Trained logistic in 142.1s
2025-08-06 03:32:22,404 [INFO] Training random_forest...
2025-08-06 03:49:10,595 [INFO] Trained random_forest in 1008.2s
2025-08-06 03:49:10,596 [INFO] Training xgboost...
2025-08-06 03:50:34,420 [INFO] Trained xgboost in 83.8s
2025-08-06 03:50:34,420 [INFO] Fitting ensemble weights...
2025-08-06 04:10:51,307 [INFO] Ensemble model saved to outputs\enhanced_pipeline_20250805_213353\models\enhanced_sentiment_ensemble_v4.pkl
2025-08-06 04:10:51,308 [INFO] Step 5: Cross-validation evaluation
2025-08-06 04:10:51,308 [INFO] Performing 5-fold cross-validation on final model...
2025-08-06 05:29:45,390 [INFO] CV accuracy: 0.910  0.000
2025-08-06 06:48:55,065 [INFO] CV precision: 0.923  0.000
2025-08-06 08:08:07,652 [INFO] CV recall: 0.945  0.001
2025-08-06 09:27:22,523 [INFO] CV f1: 0.934  0.000
2025-08-06 10:46:29,039 [INFO] CV roc_auc: 0.969  0.000
2025-08-06 10:46:29,093 [INFO] Step 6: Comprehensive evaluation on test set
2025-08-06 10:46:29,093 [INFO] Performing comprehensive evaluation...
2025-08-06 10:46:40,031 [INFO] Computing bootstrap confidence intervals (1000 iterations)...
2025-08-06 10:56:03,064 [INFO] Saved comprehensive evaluation plots to outputs\enhanced_pipeline_20250805_213353
2025-08-06 10:56:03,066 [INFO] Step 7: Feature importance analysis
2025-08-06 10:56:03,068 [WARNING] Feature name count mismatch: 409 vs 109
2025-08-06 10:56:03,068 [INFO] Analyzing feature importance...
2025-08-06 10:56:03,111 [INFO] Skipping permutation importance (requires y_test)
2025-08-06 10:56:03,111 [INFO] SHAP analysis disabled (enable with 'enable_shap_analysis': true in config)
2025-08-06 10:56:03,112 [INFO] Step 8: Generating final report
